Started GET "/" for ::1 at 2025-04-12 20:35:42 +0900
  [1m[35m (9.2ms)[0m  [1m[35mCREATE TABLE "schema_migrations" ("version" varchar NOT NULL PRIMARY KEY)[0m
  [1m[35m (0.5ms)[0m  [1m[35mCREATE TABLE "ar_internal_metadata" ("key" varchar NOT NULL PRIMARY KEY, "value" varchar, "created_at" datetime(6) NOT NULL, "updated_at" datetime(6) NOT NULL)[0m
  [1m[36mActiveRecord::SchemaMigration Load (0.3ms)[0m  [1m[34mSELECT "schema_migrations"."version" FROM "schema_migrations" ORDER BY "schema_migrations"."version" ASC[0m
Processing by Rails::WelcomeController#index as HTML
  Rendering C:/Ruby31-x64/lib/ruby/gems/3.1.0/gems/railties-7.1.5.1/lib/rails/templates/rails/welcome/index.html.erb
  Rendered C:/Ruby31-x64/lib/ruby/gems/3.1.0/gems/railties-7.1.5.1/lib/rails/templates/rails/welcome/index.html.erb (Duration: 2.6ms | Allocations: 386)
Completed 200 OK in 261ms (Views: 37.2ms | ActiveRecord: 0.0ms | Allocations: 7270)


Started GET "/" for ::1 at 2025-04-12 20:37:54 +0900
Processing by Rails::WelcomeController#index as HTML
  Rendering C:/Ruby31-x64/lib/ruby/gems/3.1.0/gems/railties-7.1.5.1/lib/rails/templates/rails/welcome/index.html.erb
  Rendered C:/Ruby31-x64/lib/ruby/gems/3.1.0/gems/railties-7.1.5.1/lib/rails/templates/rails/welcome/index.html.erb (Duration: 0.5ms | Allocations: 25)
Completed 200 OK in 5ms (Views: 2.2ms | ActiveRecord: 0.0ms | Allocations: 301)


Started GET "/" for ::1 at 2025-04-12 20:48:33 +0900
  [1m[36mActiveRecord::SchemaMigration Load (0.2ms)[0m  [1m[34mSELECT "schema_migrations"."version" FROM "schema_migrations" ORDER BY "schema_migrations"."version" ASC[0m
Processing by Rails::WelcomeController#index as HTML
  Rendering C:/Ruby31-x64/lib/ruby/gems/3.1.0/gems/railties-7.1.5.1/lib/rails/templates/rails/welcome/index.html.erb
  Rendered C:/Ruby31-x64/lib/ruby/gems/3.1.0/gems/railties-7.1.5.1/lib/rails/templates/rails/welcome/index.html.erb (Duration: 9.7ms | Allocations: 386)
Completed 200 OK in 101ms (Views: 51.4ms | ActiveRecord: 0.0ms | Allocations: 7272)


Started GET "/" for ::1 at 2025-04-21 19:30:17 +0900
  [1m[36mActiveRecord::SchemaMigration Load (0.6ms)[0m  [1m[34mSELECT "schema_migrations"."version" FROM "schema_migrations" ORDER BY "schema_migrations"."version" ASC[0m
Processing by Rails::WelcomeController#index as HTML
  Rendering C:/Ruby31-x64/lib/ruby/gems/3.1.0/gems/railties-7.1.5.1/lib/rails/templates/rails/welcome/index.html.erb
  Rendered C:/Ruby31-x64/lib/ruby/gems/3.1.0/gems/railties-7.1.5.1/lib/rails/templates/rails/welcome/index.html.erb (Duration: 2.5ms | Allocations: 386)
Completed 200 OK in 824ms (Views: 224.3ms | ActiveRecord: 0.0ms | Allocations: 7274)


Started GET "/users/index" for ::1 at 2025-04-21 19:30:47 +0900
  
ActionController::RoutingError (uninitialized constant UsersController

      Object.const_get(camel_cased_word)
            ^^^^^^^^^^

            raise MissingController.new(error.message, error.name)
            ^^^^^):
  
Started GET "/words/index" for ::1 at 2025-04-21 19:33:30 +0900
  
ActionController::RoutingError (No route matches [GET] "/words/index"):
  
Started GET "/words/index" for ::1 at 2025-04-21 19:35:36 +0900
  
ActionController::RoutingError (No route matches [GET] "/words/index"):
  
Started GET "/words/index" for ::1 at 2025-04-21 19:36:46 +0900
Processing by WordsController#index as HTML
  Rendering layout layouts/application.html.erb
  Rendering words/index.html.erb within layouts/application
  Rendered words/index.html.erb within layouts/application (Duration: 1.5ms | Allocations: 116)
  Rendered layout layouts/application.html.erb (Duration: 3122.9ms | Allocations: 93302)
Completed 200 OK in 3213ms (Views: 3194.9ms | ActiveRecord: 0.0ms | Allocations: 94455)


Started GET "/words/index" for ::1 at 2025-04-21 19:37:15 +0900
Processing by WordsController#index as HTML
  Rendering layout layouts/application.html.erb
  Rendering words/index.html.erb within layouts/application
  Rendered words/index.html.erb within layouts/application (Duration: 0.2ms | Allocations: 7)
  Rendered layout layouts/application.html.erb (Duration: 665.8ms | Allocations: 6770)
Completed 200 OK in 669ms (Views: 667.7ms | ActiveRecord: 0.0ms | Allocations: 7075)


Started GET "/words/index" for ::1 at 2025-04-21 19:37:24 +0900
Processing by WordsController#index as HTML
  Rendering layout layouts/application.html.erb
  Rendering words/index.html.erb within layouts/application
  Rendered words/index.html.erb within layouts/application (Duration: 2.4ms | Allocations: 119)
  Rendered layout layouts/application.html.erb (Duration: 18.5ms | Allocations: 2713)
Completed 200 OK in 45ms (Views: 41.4ms | ActiveRecord: 0.0ms | Allocations: 3784)


Started GET "/words/index" for ::1 at 2025-04-21 21:38:21 +0900
Processing by WordsController#index as HTML
  Rendering layout layouts/application.html.erb
  Rendering words/index.html.erb within layouts/application
  Rendered words/index.html.erb within layouts/application (Duration: 0.1ms | Allocations: 7)
  Rendered layout layouts/application.html.erb (Duration: 13.5ms | Allocations: 2157)
Completed 200 OK in 17ms (Views: 15.8ms | ActiveRecord: 0.0ms | Allocations: 2424)


Started GET "/words/index" for ::1 at 2025-04-21 21:38:54 +0900
Processing by WordsController#index as HTML
  Rendering layout layouts/application.html.erb
  Rendering words/index.html.erb within layouts/application
  Rendered words/index.html.erb within layouts/application (Duration: 13.6ms | Allocations: 1833)
  Rendered layout layouts/application.html.erb (Duration: 27.4ms | Allocations: 1920)
Completed 500 Internal Server Error in 100ms (ActiveRecord: 0.0ms | Allocations: 2976)


  
ActionView::Template::Error (undefined method `each' for nil:NilClass

'.freeze; @words.each do |word| 
                ^^^^^):
    1: #<h1>words#index</h1>
    2: #<p>Find me in app/views/words/index.html.erb</p>
    3: 
    4: <% @words.each do |word| %>
    5:     <div>
    6:         <%= word %>
    7:     </div>
  
app/views/words/index.html.erb:4
Started GET "/words/index" for ::1 at 2025-04-21 21:43:47 +0900
Processing by WordsController#index as HTML
  Rendering layout layouts/application.html.erb
  Rendering words/index.html.erb within layouts/application
  Rendered words/index.html.erb within layouts/application (Duration: 4.2ms | Allocations: 1826)
  Rendered layout layouts/application.html.erb (Duration: 12.8ms | Allocations: 1913)
Completed 500 Internal Server Error in 98ms (ActiveRecord: 0.0ms | Allocations: 2963)


  
ActionView::Template::Error (undefined method `each' for nil:NilClass

'.freeze;     @words.each do |word| 
                    ^^^^^):
    2: #<p>Find me in app/views/words/index.html.erb</p>
    3: 
    4: <p>
    5:     <% @words.each do |word| %>
    6:         <div>
    7:             <%= word %>
    8:         </div>
  
app/views/words/index.html.erb:5
Started GET "/words/index" for ::1 at 2025-04-21 21:49:58 +0900
  [1m[36mActiveRecord::SchemaMigration Load (0.3ms)[0m  [1m[34mSELECT "schema_migrations"."version" FROM "schema_migrations" ORDER BY "schema_migrations"."version" ASC[0m
Processing by WordsController#index as HTML
  Rendering layout layouts/application.html.erb
  Rendering words/index.html.erb within layouts/application
  Rendered words/index.html.erb within layouts/application (Duration: 11.3ms | Allocations: 290)
  Rendered layout layouts/application.html.erb (Duration: 697.8ms | Allocations: 33215)
Completed 200 OK in 1183ms (Views: 1054.3ms | ActiveRecord: 0.0ms | Allocations: 40300)


Started GET "/words/index" for ::1 at 2025-04-21 21:50:23 +0900
Processing by WordsController#index as HTML
  Rendering layout layouts/application.html.erb
  Rendering words/index.html.erb within layouts/application
  Rendered words/index.html.erb within layouts/application (Duration: 1.5ms | Allocations: 190)
  Rendered layout layouts/application.html.erb (Duration: 13.8ms | Allocations: 2774)
Completed 200 OK in 86ms (Views: 27.6ms | ActiveRecord: 0.0ms | Allocations: 3855)


  [1m[36mActiveRecord::InternalMetadata Load (34.8ms)[0m  [1m[34mSELECT * FROM "ar_internal_metadata" WHERE "ar_internal_metadata"."key" = ? ORDER BY "ar_internal_metadata"."key" ASC LIMIT 1[0m  [[nil, "environment"]]
  [1m[36mActiveRecord::InternalMetadata Create (29.2ms)[0m  [1m[32mINSERT INTO "ar_internal_metadata" ("key", "value", "created_at", "updated_at") VALUES ('environment', 'development', '2025-04-21 12:58:15.601019', '2025-04-21 12:58:15.601026') RETURNING "key"[0m
  [1m[36mActiveRecord::SchemaMigration Load (0.3ms)[0m  [1m[34mSELECT "schema_migrations"."version" FROM "schema_migrations" ORDER BY "schema_migrations"."version" ASC[0m
Migrating to CreateWords (20250421125401)
  [1m[36mTRANSACTION (0.1ms)[0m  [1m[36mbegin transaction[0m
  [1m[35m (5.0ms)[0m  [1m[35mCREATE TABLE "words" ("id" integer PRIMARY KEY AUTOINCREMENT NOT NULL, "name" varchar, "explanation" varchar, "count" integer, "created_at" datetime(6) NOT NULL, "updated_at" datetime(6) NOT NULL)[0m
  [1m[36mActiveRecord::SchemaMigration Create (0.6ms)[0m  [1m[32mINSERT INTO "schema_migrations" ("version") VALUES ('20250421125401') RETURNING "version"[0m
  [1m[36mTRANSACTION (0.6ms)[0m  [1m[36mcommit transaction[0m
  [1m[36mActiveRecord::SchemaMigration Load (0.2ms)[0m  [1m[34mSELECT "schema_migrations"."version" FROM "schema_migrations" ORDER BY "schema_migrations"."version" ASC[0m
  [1m[36mTRANSACTION (0.2ms)[0m  [1m[36mbegin transaction[0m
  [1m[36mWord Create (6.5ms)[0m  [1m[32mINSERT INTO "words" ("name", "explanation", "count", "created_at", "updated_at") VALUES (?, ?, ?, ?, ?) RETURNING "id"[0m  [["name", "スタック"], ["explanation", "後入れ先出し"], ["count", 0], ["created_at", "2025-04-21 13:01:50.426297"], ["updated_at", "2025-04-21 13:01:50.426297"]]
  [1m[36mTRANSACTION (1.1ms)[0m  [1m[36mcommit transaction[0m
Started GET "/" for ::1 at 2025-04-22 19:23:20 +0900
  [1m[36mActiveRecord::SchemaMigration Load (0.4ms)[0m  [1m[34mSELECT "schema_migrations"."version" FROM "schema_migrations" ORDER BY "schema_migrations"."version" ASC[0m
Processing by Rails::WelcomeController#index as HTML
  Rendering C:/Ruby31-x64/lib/ruby/gems/3.1.0/gems/railties-7.1.5.1/lib/rails/templates/rails/welcome/index.html.erb
  Rendered C:/Ruby31-x64/lib/ruby/gems/3.1.0/gems/railties-7.1.5.1/lib/rails/templates/rails/welcome/index.html.erb (Duration: 90.4ms | Allocations: 386)
Completed 200 OK in 382ms (Views: 195.7ms | ActiveRecord: 0.0ms | Allocations: 7273)


Started GET "/words/index" for ::1 at 2025-04-22 19:23:31 +0900
Processing by WordsController#index as HTML
  Rendering layout layouts/application.html.erb
  Rendering words/index.html.erb within layouts/application
  Rendered words/index.html.erb within layouts/application (Duration: 1.6ms | Allocations: 187)
  Rendered layout layouts/application.html.erb (Duration: 212.2ms | Allocations: 28502)
Completed 200 OK in 274ms (Views: 261.2ms | ActiveRecord: 0.0ms | Allocations: 29621)


Started GET "/words/index" for ::1 at 2025-04-22 22:36:22 +0900
Processing by WordsController#index as HTML
  Rendering layout layouts/application.html.erb
  Rendering words/index.html.erb within layouts/application
  Rendered words/index.html.erb within layouts/application (Duration: 37.1ms | Allocations: 2674)
  Rendered layout layouts/application.html.erb (Duration: 38.7ms | Allocations: 2770)
Completed 500 Internal Server Error in 136ms (ActiveRecord: 0.0ms | Allocations: 3833)


  
ActionView::Template::Error (undefined method `name' for nil:NilClass

<p>'.freeze; @output_buffer.append=( @word.name ); @output_buffer.safe_append='</p>
                                          ^^^^^):
    1: <h1>words#index</h1>
    2: <p>Find me in app/views/words/index.html.erb</p>
    3: 
    4: <p><%= @word.name %></p>
    5: <p><%= @word.explanation %></p>
  
app/views/words/index.html.erb:4
Started GET "/words/index" for ::1 at 2025-04-22 22:38:21 +0900
  [1m[36mActiveRecord::SchemaMigration Load (0.3ms)[0m  [1m[34mSELECT "schema_migrations"."version" FROM "schema_migrations" ORDER BY "schema_migrations"."version" ASC[0m
Processing by WordsController#index as HTML
  Rendering layout layouts/application.html.erb
  Rendering words/index.html.erb within layouts/application
  Rendered words/index.html.erb within layouts/application (Duration: 135.0ms | Allocations: 2759)
  Rendered layout layouts/application.html.erb (Duration: 158.1ms | Allocations: 2889)
Completed 500 Internal Server Error in 643ms (ActiveRecord: 0.0ms | Allocations: 9914)


  
ActionView::Template::Error (undefined method `name' for nil:NilClass

<p>'.freeze; @output_buffer.append=( @word.name ); @output_buffer.safe_append='</p>
                                          ^^^^^):
    1: <h1>words#index</h1>
    2: <p>Find me in app/views/words/index.html.erb</p>
    3: 
    4: <p><%= @word.name %></p>
    5: <p><%= @word.explanation %></p>
  
app/views/words/index.html.erb:4
Started GET "/words/index" for ::1 at 2025-04-22 22:39:24 +0900
Processing by WordsController#index as HTML
  [1m[36mWord Load (0.6ms)[0m  [1m[34mSELECT "words".* FROM "words" ORDER BY "words"."id" ASC LIMIT ?[0m  [["LIMIT", 1]]
  ↳ app/controllers/words_controller.rb:3:in `index'
  Rendering layout layouts/application.html.erb
  Rendering words/index.html.erb within layouts/application
  Rendered words/index.html.erb within layouts/application (Duration: 1.0ms | Allocations: 172)
  Rendered layout layouts/application.html.erb (Duration: 1217.2ms | Allocations: 28376)
Completed 200 OK in 1903ms (Views: 1235.4ms | ActiveRecord: 28.8ms | Allocations: 46240)


  [1m[36mTRANSACTION (0.1ms)[0m  [1m[36mbegin transaction[0m
  [1m[36mWord Create (39.7ms)[0m  [1m[32mINSERT INTO "words" ("name", "explanation", "count", "created_at", "updated_at") VALUES (?, ?, ?, ?, ?) RETURNING "id"[0m  [["name", "スプーリング"], ["explanation", "出力データを一時的に磁気ディスクに保存しておくこと"], ["count", 0], ["created_at", "2025-04-22 13:45:34.891860"], ["updated_at", "2025-04-22 13:45:34.891860"]]
  [1m[36mTRANSACTION (32.5ms)[0m  [1m[36mcommit transaction[0m
Started GET "/words/index" for ::1 at 2025-04-22 22:46:02 +0900
Processing by WordsController#index as HTML
  [1m[36mWord Load (41.2ms)[0m  [1m[34mSELECT "words".* FROM "words" ORDER BY "words"."id" ASC LIMIT ? OFFSET ?[0m  [["LIMIT", 1], ["OFFSET", 1]]
  ↳ app/controllers/words_controller.rb:3:in `index'
  Rendering layout layouts/application.html.erb
  Rendering words/index.html.erb within layouts/application
  Rendered words/index.html.erb within layouts/application (Duration: 3.5ms | Allocations: 163)
  Rendered layout layouts/application.html.erb (Duration: 33.1ms | Allocations: 2758)
Completed 200 OK in 107ms (Views: 42.3ms | ActiveRecord: 80.0ms | Allocations: 8410)


  [1m[36mTRANSACTION (0.1ms)[0m  [1m[36mbegin transaction[0m
  [1m[36mWord Create (0.7ms)[0m  [1m[32mINSERT INTO "words" ("name", "explanation", "count", "created_at", "updated_at") VALUES (?, ?, ?, ?, ?) RETURNING "id"[0m  [["name", "スループット"], ["explanation", "一定時間内に処理できる仕事の量"], ["count", 0], ["created_at", "2025-04-22 13:47:02.380282"], ["updated_at", "2025-04-22 13:47:02.380282"]]
  [1m[36mTRANSACTION (0.4ms)[0m  [1m[36mcommit transaction[0m
  [1m[36mTRANSACTION (0.1ms)[0m  [1m[36mbegin transaction[0m
  [1m[36mWord Create (0.7ms)[0m  [1m[32mINSERT INTO "words" ("name", "explanation", "count", "created_at", "updated_at") VALUES (?, ?, ?, ?, ?) RETURNING "id"[0m  [["name", "デフラグ"], ["explanation", "HDのフラグメンテーションを解消すること"], ["count", 0], ["created_at", "2025-04-22 13:48:24.331169"], ["updated_at", "2025-04-22 13:48:24.331169"]]
  [1m[36mTRANSACTION (0.2ms)[0m  [1m[36mcommit transaction[0m
  [1m[36mTRANSACTION (0.1ms)[0m  [1m[36mbegin transaction[0m
  [1m[36mWord Create (0.8ms)[0m  [1m[32mINSERT INTO "words" ("name", "explanation", "count", "created_at", "updated_at") VALUES (?, ?, ?, ?, ?) RETURNING "id"[0m  [["name", "メモリコンパクション"], ["explanation", "主記憶装置のフラグメンテーションを解消すること"], ["count", 0], ["created_at", "2025-04-22 13:50:20.896904"], ["updated_at", "2025-04-22 13:50:20.896904"]]
  [1m[36mTRANSACTION (0.3ms)[0m  [1m[36mcommit transaction[0m
  [1m[36mTRANSACTION (0.1ms)[0m  [1m[36mbegin transaction[0m
  [1m[36mWord Create (1.2ms)[0m  [1m[32mINSERT INTO "words" ("name", "explanation", "count", "created_at", "updated_at") VALUES (?, ?, ?, ?, ?) RETURNING "id"[0m  [["name", "オーバーレイ方式"], ["explanation", "主記憶装置の容量以上の命令を実行する際にセグメントに区切って実行に必要なセグメントを主記憶に出し入れして命令を実行する方法"], ["count", 0], ["created_at", "2025-04-22 13:52:03.410516"], ["updated_at", "2025-04-22 13:52:03.410516"]]
  [1m[36mTRANSACTION (0.2ms)[0m  [1m[36mcommit transaction[0m
Started GET "/words/index" for ::1 at 2025-04-22 22:56:01 +0900
Processing by WordsController#index as HTML
  Rendering layout layouts/application.html.erb
  Rendering words/index.html.erb within layouts/application
  Rendered words/index.html.erb within layouts/application (Duration: 6.8ms | Allocations: 4823)
  Rendered layout layouts/application.html.erb (Duration: 7.8ms | Allocations: 4910)
Completed 500 Internal Server Error in 50ms (ActiveRecord: 0.0ms | Allocations: 6524)


  
ActionView::Template::Error (undefined method `each' for Word:Class):
    1: <h1>words#index</h1>
    2: <p>Find me in app/views/words/index.html.erb</p>
    3: 
    4: <% @words.each do |name,explanation| %>
    5:     <div>
    6:         <p><%= @word.name %></p>
    7:         <p><%= @word.explanation %></p>
  
app/views/words/index.html.erb:4
Started GET "/words/index" for ::1 at 2025-04-22 22:56:34 +0900
Processing by WordsController#index as HTML
  Rendering layout layouts/application.html.erb
  Rendering words/index.html.erb within layouts/application
  Rendered words/index.html.erb within layouts/application (Duration: 17.7ms | Allocations: 4815)
  Rendered layout layouts/application.html.erb (Duration: 22.1ms | Allocations: 4902)
Completed 500 Internal Server Error in 106ms (ActiveRecord: 0.0ms | Allocations: 6518)


  
ActionView::Template::Error (undefined method `each' for Word:Class):
    1: <h1>words#index</h1>
    2: <p>Find me in app/views/words/index.html.erb</p>
    3: 
    4: <% @words.each do |name| %>
    5:     <div>
    6:         <p><%= @word.name %></p>
    7:         #<p><%= @word.explanation %></p>
  
app/views/words/index.html.erb:4
Started GET "/words/index" for ::1 at 2025-04-22 22:56:57 +0900
Processing by WordsController#index as HTML
  Rendering layout layouts/application.html.erb
  Rendering words/index.html.erb within layouts/application
  Rendered words/index.html.erb within layouts/application (Duration: 7.4ms | Allocations: 4819)
  Rendered layout layouts/application.html.erb (Duration: 8.4ms | Allocations: 4906)
Completed 500 Internal Server Error in 46ms (ActiveRecord: 0.0ms | Allocations: 6517)


  
ActionView::Template::Error (undefined method `each' for Word:Class):
    1: <h1>words#index</h1>
    2: <p>Find me in app/views/words/index.html.erb</p>
    3: 
    4: <% @words.each do |word| %>
    5:     <div>
    6:         <p><%= @word.name %></p>
    7:         #<p><%= @word.explanation %></p>
  
app/views/words/index.html.erb:4
Started GET "/words/index" for ::1 at 2025-04-22 22:57:23 +0900
Processing by WordsController#index as HTML
  Rendering layout layouts/application.html.erb
  Rendering words/index.html.erb within layouts/application
  Rendered words/index.html.erb within layouts/application (Duration: 8.1ms | Allocations: 4670)
  Rendered layout layouts/application.html.erb (Duration: 9.0ms | Allocations: 4751)
Completed 500 Internal Server Error in 15ms (ActiveRecord: 0.0ms | Allocations: 5012)


  
ActionView::Template::Error (undefined method `each' for Word:Class):
    1: <h1>words#index</h1>
    2: <p>Find me in app/views/words/index.html.erb</p>
    3: 
    4: <% @words.each do |word| %>
    5:     <div>
    6:         <p><%= @word.name %></p>
    7:         #<p><%= @word.explanation %></p>
  
app/views/words/index.html.erb:4
Started GET "/words/index" for ::1 at 2025-04-22 22:58:24 +0900
Processing by WordsController#index as HTML
Completed 500 Internal Server Error in 5ms (ActiveRecord: 0.0ms | Allocations: 3082)


  
NoMethodError (undefined method `Word' for #<WordsController:0x0000000001f270>

    @words = Word(from:0,to:6)
             ^^^^):
  
app/controllers/words_controller.rb:3:in `index'
Started GET "/words/index" for ::1 at 2025-04-22 22:59:36 +0900
Processing by WordsController#index as HTML
Completed 500 Internal Server Error in 7ms (ActiveRecord: 0.0ms | Allocations: 3071)


  
NoMethodError (undefined method `Words' for #<WordsController:0x00000000022a10>

    @words = Words(from:0,to:6)
             ^^^^^):
  
app/controllers/words_controller.rb:3:in `index'
Started GET "/words/index" for ::1 at 2025-04-22 22:59:58 +0900
Processing by WordsController#index as HTML
Completed 500 Internal Server Error in 4ms (ActiveRecord: 0.0ms | Allocations: 2512)


  
NameError (uninitialized constant WordsController::Words

    @words = Words.first
             ^^^^^):
  
app/controllers/words_controller.rb:3:in `index'
Started GET "/words/index" for ::1 at 2025-04-22 23:00:39 +0900
Processing by WordsController#index as HTML
  [1m[36mWord Load (19.2ms)[0m  [1m[34mSELECT "words".* FROM "words" ORDER BY "words"."id" ASC LIMIT ?[0m  [["LIMIT", 1]]
  ↳ app/controllers/words_controller.rb:3:in `index'
  Rendering layout layouts/application.html.erb
  Rendering words/index.html.erb within layouts/application
  Rendered words/index.html.erb within layouts/application (Duration: 7.8ms | Allocations: 6222)
  Rendered layout layouts/application.html.erb (Duration: 8.9ms | Allocations: 6309)
Completed 500 Internal Server Error in 63ms (ActiveRecord: 36.8ms | Allocations: 11954)


  
ActionView::Template::Error (undefined method `each' for #<Word id: 1, name: "スタック", explanation: "後入れ先出し", count: 0, created_at: "2025-04-21 13:01:50.426297000 +0000", updated_at: "2025-04-21 13:01:50.426297000 +0000">):
    1: <h1>words#index</h1>
    2: <p>Find me in app/views/words/index.html.erb</p>
    3: 
    4: <% @words.each do |word| %>
    5:     <div>
    6:         <%= @word.name %>
    7:     </div>
  
app/views/words/index.html.erb:4
Started GET "/words/index" for ::1 at 2025-04-22 23:01:26 +0900
  [1m[36mActiveRecord::SchemaMigration Load (0.2ms)[0m  [1m[34mSELECT "schema_migrations"."version" FROM "schema_migrations" ORDER BY "schema_migrations"."version" ASC[0m
Processing by WordsController#index as HTML
  [1m[36mWord Load (0.2ms)[0m  [1m[34mSELECT "words".* FROM "words" ORDER BY "words"."id" ASC LIMIT ?[0m  [["LIMIT", 1]]
  ↳ app/controllers/words_controller.rb:3:in `index'
  Rendering layout layouts/application.html.erb
  Rendering words/index.html.erb within layouts/application
  Rendered words/index.html.erb within layouts/application (Duration: 19.2ms | Allocations: 7155)
  Rendered layout layouts/application.html.erb (Duration: 20.4ms | Allocations: 7285)
Completed 500 Internal Server Error in 297ms (ActiveRecord: 3.0ms | Allocations: 31045)


  
ActionView::Template::Error (undefined method `each' for #<Word id: 1, name: "スタック", explanation: "後入れ先出し", count: 0, created_at: "2025-04-21 13:01:50.426297000 +0000", updated_at: "2025-04-21 13:01:50.426297000 +0000">):
    1: <h1>words#index</h1>
    2: <p>Find me in app/views/words/index.html.erb</p>
    3: 
    4: <% @words.each do |word| %>
    5:     <div>
    6:         <%= @word.name %>
    7:     </div>
  
app/views/words/index.html.erb:4
Started GET "/words/index" for ::1 at 2025-04-22 23:02:11 +0900
Processing by WordsController#index as HTML
  [1m[36mWord Load (0.1ms)[0m  [1m[34mSELECT "words".* FROM "words" ORDER BY "words"."id" ASC LIMIT ?[0m  [["LIMIT", 1]]
  ↳ app/controllers/words_controller.rb:3:in `index'
  Rendering layout layouts/application.html.erb
  Rendering words/index.html.erb within layouts/application
  Rendered words/index.html.erb within layouts/application (Duration: 9.5ms | Allocations: 6098)
  Rendered layout layouts/application.html.erb (Duration: 10.9ms | Allocations: 6185)
Completed 500 Internal Server Error in 106ms (ActiveRecord: 2.7ms | Allocations: 12330)


  
ActionView::Template::Error (undefined method `each' for #<Word id: 1, name: "スタック", explanation: "後入れ先出し", count: 0, created_at: "2025-04-21 13:01:50.426297000 +0000", updated_at: "2025-04-21 13:01:50.426297000 +0000">):
    1: <h1>words#index</h1>
    2: <p>Find me in app/views/words/index.html.erb</p>
    3: 
    4: <% @words.each do |word| %>
    5:     <div>
    6:         <%= word.name %>
    7:     </div>
  
app/views/words/index.html.erb:4
Started GET "/words/index" for ::1 at 2025-04-22 23:02:35 +0900
Processing by WordsController#index as HTML
  [1m[36mWord Load (0.2ms)[0m  [1m[34mSELECT "words".* FROM "words" ORDER BY "words"."id" ASC LIMIT ?[0m  [["LIMIT", 1]]
  ↳ app/controllers/words_controller.rb:3:in `index'
  Rendering layout layouts/application.html.erb
  Rendering words/index.html.erb within layouts/application
  Rendered words/index.html.erb within layouts/application (Duration: 16.5ms | Allocations: 6098)
  Rendered layout layouts/application.html.erb (Duration: 18.1ms | Allocations: 6185)
Completed 500 Internal Server Error in 101ms (ActiveRecord: 10.3ms | Allocations: 12319)


  
ActionView::Template::Error (undefined method `each' for #<Word id: 1, name: "スタック", explanation: "後入れ先出し", count: 0, created_at: "2025-04-21 13:01:50.426297000 +0000", updated_at: "2025-04-21 13:01:50.426297000 +0000">):
    1: <h1>words#index</h1>
    2: <p>Find me in app/views/words/index.html.erb</p>
    3: 
    4: <% @words.each do |word| %>
    5:     <div>
    6:         <%= word %>
    7:     </div>
  
app/views/words/index.html.erb:4
Started GET "/words/index" for ::1 at 2025-04-22 23:03:05 +0900
Processing by WordsController#index as HTML
  [1m[36mWord Load (0.3ms)[0m  [1m[34mSELECT "words".* FROM "words" ORDER BY "words"."id" ASC LIMIT ?[0m  [["LIMIT", 1]]
  ↳ app/controllers/words_controller.rb:3:in `index'
  Rendering layout layouts/application.html.erb
  Rendering words/index.html.erb within layouts/application
  Rendered words/index.html.erb within layouts/application (Duration: 2.3ms | Allocations: 1805)
  Rendered layout layouts/application.html.erb (Duration: 3.2ms | Allocations: 1892)
Completed 500 Internal Server Error in 49ms (ActiveRecord: 3.1ms | Allocations: 8011)


  
ActionView::Template::Error (undefined method `each' for nil:NilClass

'.freeze; @word.each do |word| 
               ^^^^^):
    1: <h1>words#index</h1>
    2: <p>Find me in app/views/words/index.html.erb</p>
    3: 
    4: <% @word.each do |word| %>
    5:     <div>
    6:         <%= word %>
    7:     </div>
  
app/views/words/index.html.erb:4
Started GET "/words/index" for ::1 at 2025-04-22 23:03:34 +0900
  [1m[36mActiveRecord::SchemaMigration Load (0.2ms)[0m  [1m[34mSELECT "schema_migrations"."version" FROM "schema_migrations" ORDER BY "schema_migrations"."version" ASC[0m
Processing by WordsController#index as HTML
  [1m[36mWord Load (0.2ms)[0m  [1m[34mSELECT "words".* FROM "words" ORDER BY "words"."id" ASC LIMIT ?[0m  [["LIMIT", 1]]
  ↳ app/controllers/words_controller.rb:3:in `index'
  Rendering layout layouts/application.html.erb
  Rendering words/index.html.erb within layouts/application
  Rendered words/index.html.erb within layouts/application (Duration: 8.4ms | Allocations: 2727)
  Rendered layout layouts/application.html.erb (Duration: 9.6ms | Allocations: 2857)
Completed 500 Internal Server Error in 302ms (ActiveRecord: 3.0ms | Allocations: 26615)


  
ActionView::Template::Error (undefined method `each' for nil:NilClass

'.freeze; @word.each do |word| 
               ^^^^^):
    1: <h1>words#index</h1>
    2: <p>Find me in app/views/words/index.html.erb</p>
    3: 
    4: <% @word.each do |word| %>
    5:     <div>
    6:         <%= word %>
    7:     </div>
  
app/views/words/index.html.erb:4
Started GET "/words/index" for ::1 at 2025-04-22 23:05:50 +0900
Processing by WordsController#index as HTML
  [1m[36mWord Load (0.1ms)[0m  [1m[34mSELECT "words".* FROM "words" ORDER BY "words"."id" ASC LIMIT ?[0m  [["LIMIT", 1]]
  ↳ app/controllers/words_controller.rb:3:in `index'
  Rendering layout layouts/application.html.erb
  Rendering words/index.html.erb within layouts/application
  Rendered words/index.html.erb within layouts/application (Duration: 2.9ms | Allocations: 1804)
  Rendered layout layouts/application.html.erb (Duration: 3.9ms | Allocations: 1891)
Completed 500 Internal Server Error in 103ms (ActiveRecord: 3.0ms | Allocations: 8039)


  
ActionView::Template::Error (undefined method `name' for nil:NilClass

<p>'.freeze; @output_buffer.append=( @word.name ); @output_buffer.safe_append='</p>
                                          ^^^^^):
    1: <h1>words#index</h1>
    2: <p>Find me in app/views/words/index.html.erb</p>
    3: 
    4: <p><%= @word.name %></p>
    5: <p><%= @word.explanation%></p>
  
app/views/words/index.html.erb:4
Started GET "/words/index" for ::1 at 2025-04-22 23:06:31 +0900
Processing by WordsController#index as HTML
  [1m[36mWord Load (0.1ms)[0m  [1m[34mSELECT "words".* FROM "words" ORDER BY "words"."id" ASC LIMIT ?[0m  [["LIMIT", 1]]
  ↳ app/controllers/words_controller.rb:3:in `index'
  Rendering layout layouts/application.html.erb
  Rendering words/index.html.erb within layouts/application
  Rendered words/index.html.erb within layouts/application (Duration: 1.5ms | Allocations: 1692)
  Rendered layout layouts/application.html.erb (Duration: 5.0ms | Allocations: 1773)
Completed 500 Internal Server Error in 11ms (ActiveRecord: 0.1ms | Allocations: 2804)


  
ActionView::Template::Error (undefined method `name' for nil:NilClass

<p>'.freeze; @output_buffer.append=( @word.name ); @output_buffer.safe_append='</p>
                                          ^^^^^):
    1: <h1>words#index</h1>
    2: <p>Find me in app/views/words/index.html.erb</p>
    3: 
    4: <p><%= @word.name %></p>
    5: <p><%= @word.explanation%></p>
  
app/views/words/index.html.erb:4
Started GET "/words/index" for ::1 at 2025-04-22 23:06:36 +0900
Processing by WordsController#index as HTML
  [1m[36mWord Load (0.2ms)[0m  [1m[34mSELECT "words".* FROM "words" ORDER BY "words"."id" ASC LIMIT ?[0m  [["LIMIT", 1]]
  ↳ app/controllers/words_controller.rb:3:in `index'
  Rendering layout layouts/application.html.erb
  Rendering words/index.html.erb within layouts/application
  Rendered words/index.html.erb within layouts/application (Duration: 4.8ms | Allocations: 1691)
  Rendered layout layouts/application.html.erb (Duration: 6.5ms | Allocations: 1772)
Completed 500 Internal Server Error in 22ms (ActiveRecord: 0.1ms | Allocations: 2656)


  
ActionView::Template::Error (undefined method `name' for nil:NilClass

<p>'.freeze; @output_buffer.append=( @word.name ); @output_buffer.safe_append='</p>
                                          ^^^^^):
    1: <h1>words#index</h1>
    2: <p>Find me in app/views/words/index.html.erb</p>
    3: 
    4: <p><%= @word.name %></p>
    5: <p><%= @word.explanation%></p>
  
app/views/words/index.html.erb:4
Started GET "/words/index" for ::1 at 2025-04-22 23:07:04 +0900
  [1m[36mActiveRecord::SchemaMigration Load (0.2ms)[0m  [1m[34mSELECT "schema_migrations"."version" FROM "schema_migrations" ORDER BY "schema_migrations"."version" ASC[0m
Processing by WordsController#index as HTML
  [1m[36mWord Load (0.2ms)[0m  [1m[34mSELECT "words".* FROM "words" ORDER BY "words"."id" ASC LIMIT ?[0m  [["LIMIT", 1]]
  ↳ app/controllers/words_controller.rb:3:in `index'
  Rendering layout layouts/application.html.erb
  Rendering words/index.html.erb within layouts/application
  Rendered words/index.html.erb within layouts/application (Duration: 7.6ms | Allocations: 2730)
  Rendered layout layouts/application.html.erb (Duration: 8.6ms | Allocations: 2860)
Completed 500 Internal Server Error in 284ms (ActiveRecord: 2.9ms | Allocations: 26618)


  
ActionView::Template::Error (undefined method `name' for nil:NilClass

<p>'.freeze; @output_buffer.append=( @word.name ); @output_buffer.safe_append='</p>
                                          ^^^^^):
    1: <h1>words#index</h1>
    2: <p>Find me in app/views/words/index.html.erb</p>
    3: 
    4: <p><%= @word.name %></p>
    5: <p><%= @word.explanation%></p>
  
app/views/words/index.html.erb:4
Started GET "/words/index" for ::1 at 2025-04-22 23:08:25 +0900
Processing by WordsController#index as HTML
  [1m[36mWord Load (0.2ms)[0m  [1m[34mSELECT "words".* FROM "words" ORDER BY "words"."id" ASC LIMIT ?[0m  [["LIMIT", 1]]
  ↳ app/controllers/words_controller.rb:3:in `index'
  Rendering layout layouts/application.html.erb
  Rendering words/index.html.erb within layouts/application
  Rendered words/index.html.erb within layouts/application (Duration: 1.7ms | Allocations: 171)
  Rendered layout layouts/application.html.erb (Duration: 140.2ms | Allocations: 28408)
Completed 200 OK in 169ms (Views: 149.5ms | ActiveRecord: 3.2ms | Allocations: 34607)


Started GET "/words/index" for ::1 at 2025-04-22 23:08:43 +0900
Processing by WordsController#index as HTML
  [1m[36mWord Load (0.1ms)[0m  [1m[34mSELECT "words".* FROM "words" ORDER BY "words"."id" ASC LIMIT ?[0m  [["LIMIT", 1]]
  ↳ app/controllers/words_controller.rb:3:in `index'
  Rendering layout layouts/application.html.erb
  Rendering words/index.html.erb within layouts/application
  Rendered words/index.html.erb within layouts/application (Duration: 0.2ms | Allocations: 11)
  Rendered layout layouts/application.html.erb (Duration: 13.9ms | Allocations: 2163)
Completed 200 OK in 19ms (Views: 15.3ms | ActiveRecord: 0.1ms | Allocations: 3208)


Started GET "/words/index" for ::1 at 2025-04-22 23:08:59 +0900
Processing by WordsController#index as HTML
  [1m[36mWord Load (0.2ms)[0m  [1m[34mSELECT "words".* FROM "words" ORDER BY "words"."id" ASC LIMIT ? OFFSET ?[0m  [["LIMIT", 1], ["OFFSET", 1]]
  ↳ app/controllers/words_controller.rb:3:in `index'
  Rendering layout layouts/application.html.erb
  Rendering words/index.html.erb within layouts/application
  Rendered words/index.html.erb within layouts/application (Duration: 2.3ms | Allocations: 162)
  Rendered layout layouts/application.html.erb (Duration: 12.3ms | Allocations: 2766)
Completed 200 OK in 42ms (Views: 20.7ms | ActiveRecord: 5.7ms | Allocations: 8882)


Started GET "/words/index" for ::1 at 2025-04-22 23:10:35 +0900
Processing by WordsController#index as HTML
  [1m[36mWord Load (13.5ms)[0m  [1m[34mSELECT "words".* FROM "words" WHERE "words"."id" = ? LIMIT ?[0m  [["id", 6], ["LIMIT", 1]]
  ↳ app/controllers/words_controller.rb:3:in `index'
  Rendering layout layouts/application.html.erb
  Rendering words/index.html.erb within layouts/application
  Rendered words/index.html.erb within layouts/application (Duration: 2.2ms | Allocations: 168)
  Rendered layout layouts/application.html.erb (Duration: 15.1ms | Allocations: 2765)
Completed 200 OK in 186ms (Views: 42.0ms | ActiveRecord: 16.4ms | Allocations: 10197)


Started GET "/words/index" for ::1 at 2025-04-22 23:11:05 +0900
Processing by WordsController#index as HTML
  [1m[36mWord Load (0.1ms)[0m  [1m[34mSELECT "words".* FROM "words" WHERE "words"."id" = ? LIMIT ?[0m  [["id", nil], ["LIMIT", 1]]
  ↳ app/controllers/words_controller.rb:3:in `index'
Completed 404 Not Found in 15ms (ActiveRecord: 2.7ms | Allocations: 3806)


  
ActiveRecord::RecordNotFound (Couldn't find Word with 'id'={:from=>1, :to=>6}):
  
app/controllers/words_controller.rb:3:in `index'
Started GET "/words/index" for ::1 at 2025-04-22 23:11:17 +0900
Processing by WordsController#index as HTML
  [1m[36mWord Load (0.2ms)[0m  [1m[34mSELECT "words".* FROM "words" WHERE "words"."id" = ? LIMIT ?[0m  [["id", 4], ["LIMIT", 1]]
  ↳ app/controllers/words_controller.rb:3:in `index'
  Rendering layout layouts/application.html.erb
  Rendering words/index.html.erb within layouts/application
  Rendered words/index.html.erb within layouts/application (Duration: 1.4ms | Allocations: 162)
  Rendered layout layouts/application.html.erb (Duration: 12.0ms | Allocations: 2748)
Completed 200 OK in 69ms (Views: 31.9ms | ActiveRecord: 4.2ms | Allocations: 9162)


Started GET "/words/index" for ::1 at 2025-04-22 23:28:57 +0900
Processing by WordsController#index as HTML
  [1m[36mWord Load (1.9ms)[0m  [1m[34mSELECT "words".* FROM "words" WHERE "words"."id" = ? LIMIT ?[0m  [["id", 4], ["LIMIT", 1]]
  ↳ app/controllers/words_controller.rb:3:in `index'
  Rendering layout layouts/application.html.erb
  Rendering words/index.html.erb within layouts/application
  Rendered words/index.html.erb within layouts/application (Duration: 75.6ms | Allocations: 3157)
  Rendered layout layouts/application.html.erb (Duration: 79.7ms | Allocations: 3253)
Completed 500 Internal Server Error in 174ms (ActiveRecord: 2.9ms | Allocations: 9113)


  
ActionView::Template::Error (undefined method `any?' for nil:NilClass

'.freeze; if @words.any? 
                   ^^^^^):
    13: <!-- app/views/products/search.html.erb -->
    14: <h2>検索結果</h2>
    15: 
    16: <% if @words.any? %>
    17:   <ul>
    18:     <% @words.each do |word| %>
    19:       <li><%= word.explanation %></li>
  
app/views/words/index.html.erb:16
Started GET "/words/index" for ::1 at 2025-04-22 23:31:53 +0900
Processing by WordsController#index as HTML
  [1m[36mWord Load (0.1ms)[0m  [1m[34mSELECT "words".* FROM "words" WHERE "words"."id" = ? LIMIT ?[0m  [["id", 4], ["LIMIT", 1]]
  ↳ app/controllers/words_controller.rb:3:in `index'
  Rendering layout layouts/application.html.erb
  Rendering words/index.html.erb within layouts/application
  Rendered words/index.html.erb within layouts/application (Duration: 3.6ms | Allocations: 2808)
  Rendered layout layouts/application.html.erb (Duration: 4.5ms | Allocations: 2895)
Completed 500 Internal Server Error in 32ms (ActiveRecord: 2.7ms | Allocations: 9303)


  
ActionView::Template::Error (undefined method `any?' for nil:NilClass

'.freeze; if @words.any? 
                   ^^^^^):
    13: <!-- app/views/products/search.html.erb -->
    14: <h2>検索結果</h2>
    15: 
    16: <% if @words.any? %>
    17:   <ul>
    18:     <% @words.each do |word| %>
    19:       <li><%= word.explanation %></li>
  
app/views/words/index.html.erb:16
Started GET "/words/index" for ::1 at 2025-04-22 23:36:57 +0900
Processing by WordsController#index as HTML
  [1m[36mWord Load (0.4ms)[0m  [1m[34mSELECT "words".* FROM "words" WHERE "words"."id" = ? LIMIT ?[0m  [["id", 4], ["LIMIT", 1]]
  ↳ app/controllers/words_controller.rb:3:in `index'
  Rendering layout layouts/application.html.erb
  Rendering words/index.html.erb within layouts/application
  Rendered words/index.html.erb within layouts/application (Duration: 3.0ms | Allocations: 939)
  Rendered layout layouts/application.html.erb (Duration: 17.8ms | Allocations: 3506)
Completed 200 OK in 123ms (Views: 32.9ms | ActiveRecord: 5.2ms | Allocations: 9919)


Started GET "/words/search?q=%E3%82%B9%E3%82%BF%E3%83%83%E3%82%AF&commit=%E6%A4%9C%E7%B4%A2" for ::1 at 2025-04-22 23:37:39 +0900
Processing by WordsController#search as HTML
  Parameters: {"q"=>"スタック", "commit"=>"検索"}
  Rendering layout layouts/application.html.erb
  Rendering words/search.html.erb within layouts/application
  [1m[36mWord Exists? (0.3ms)[0m  [1m[34mSELECT 1 AS one FROM "words" WHERE (name LIKE '%スタック%') LIMIT ?[0m  [["LIMIT", 1]]
  ↳ app/views/words/search.html.erb:3
  [1m[36mWord Load (0.2ms)[0m  [1m[34mSELECT "words".* FROM "words" WHERE (name LIKE '%スタック%')[0m
  ↳ app/views/words/search.html.erb:5
  Rendered words/search.html.erb within layouts/application (Duration: 26.5ms | Allocations: 1622)
  Rendered layout layouts/application.html.erb (Duration: 43.5ms | Allocations: 3770)
Completed 200 OK in 69ms (Views: 46.2ms | ActiveRecord: 0.5ms | Allocations: 4178)


Started GET "/words/search?q=%E3%81%BB%E3%81%92&commit=%E6%A4%9C%E7%B4%A2" for ::1 at 2025-04-22 23:49:53 +0900
Processing by WordsController#search as HTML
  Parameters: {"q"=>"ほげ", "commit"=>"検索"}
  Rendering layout layouts/application.html.erb
  Rendering words/search.html.erb within layouts/application
  [1m[36mWord Exists? (5.0ms)[0m  [1m[34mSELECT 1 AS one FROM "words" WHERE (name LIKE '%ほげ%') LIMIT ?[0m  [["LIMIT", 1]]
  ↳ app/views/words/search.html.erb:3
  Rendered words/search.html.erb within layouts/application (Duration: 9.8ms | Allocations: 819)
  Rendered layout layouts/application.html.erb (Duration: 24.3ms | Allocations: 2983)
Completed 200 OK in 30ms (Views: 18.9ms | ActiveRecord: 7.8ms | Allocations: 3329)


Started GET "/words/search?q=%E3%81%BB%E3%81%92&commit=%E6%A4%9C%E7%B4%A2" for ::1 at 2025-04-22 23:50:23 +0900
Processing by WordsController#search as HTML
  Parameters: {"q"=>"ほげ", "commit"=>"検索"}
  Rendering layout layouts/application.html.erb
  Rendering words/search.html.erb within layouts/application
  [1m[36mWord Exists? (0.5ms)[0m  [1m[34mSELECT 1 AS one FROM "words" WHERE (name LIKE '%ほげ%') LIMIT ?[0m  [["LIMIT", 1]]
  ↳ app/views/words/search.html.erb:3
  Rendered words/search.html.erb within layouts/application (Duration: 9.0ms | Allocations: 591)
  Rendered layout layouts/application.html.erb (Duration: 21.9ms | Allocations: 2745)
Completed 200 OK in 41ms (Views: 38.3ms | ActiveRecord: 0.3ms | Allocations: 3038)


Started GET "/words/search?q=%E3%81%BB%E3%81%92&commit=%E6%A4%9C%E7%B4%A2" for ::1 at 2025-04-22 23:50:26 +0900
Processing by WordsController#search as HTML
  Parameters: {"q"=>"ほげ", "commit"=>"検索"}
  Rendering layout layouts/application.html.erb
  Rendering words/search.html.erb within layouts/application
  [1m[36mWord Exists? (0.2ms)[0m  [1m[34mSELECT 1 AS one FROM "words" WHERE (name LIKE '%ほげ%') LIMIT ?[0m  [["LIMIT", 1]]
  ↳ app/views/words/search.html.erb:3
  Rendered words/search.html.erb within layouts/application (Duration: 4.2ms | Allocations: 591)
  Rendered layout layouts/application.html.erb (Duration: 37.7ms | Allocations: 2735)
Completed 200 OK in 47ms (Views: 42.7ms | ActiveRecord: 0.2ms | Allocations: 3028)


Started GET "/words/index" for ::1 at 2025-04-22 23:51:00 +0900
Processing by WordsController#index as HTML
  [1m[36mWord Load (0.7ms)[0m  [1m[34mSELECT "words".* FROM "words" WHERE "words"."id" = ? LIMIT ?[0m  [["id", 4], ["LIMIT", 1]]
  ↳ app/controllers/words_controller.rb:3:in `index'
  Rendering layout layouts/application.html.erb
  Rendering words/index.html.erb within layouts/application
  Rendered words/index.html.erb within layouts/application (Duration: 1.2ms | Allocations: 699)
  Rendered layout layouts/application.html.erb (Duration: 15.8ms | Allocations: 2864)
Completed 200 OK in 26ms (Views: 18.0ms | ActiveRecord: 0.7ms | Allocations: 3680)


Started GET "/words/search?q=&commit=%E6%A4%9C%E7%B4%A2" for ::1 at 2025-04-22 23:52:56 +0900
Processing by WordsController#search as HTML
  Parameters: {"q"=>"", "commit"=>"検索"}
  Rendering layout layouts/application.html.erb
  Rendering words/search.html.erb within layouts/application
  Rendered words/search.html.erb within layouts/application (Duration: 4.0ms | Allocations: 1708)
  Rendered layout layouts/application.html.erb (Duration: 6.1ms | Allocations: 1789)
Completed 500 Internal Server Error in 12ms (ActiveRecord: 0.0ms | Allocations: 2045)


  
ActionView::Template::Error (undefined method `any?' for nil:NilClass

'.freeze; if @words.any? 
                   ^^^^^):
    1: <h2>検索結果</h2>
    2: 
    3: <% if @words.any? %>
    4:   <ul>
    5:     <% @words.each do |word| %>
    6:       <li><%= word.explanation %></li>
  
app/views/words/search.html.erb:3
Started GET "/words/search?q=%EF%BD%87%EF%BD%88%EF%BD%8A&commit=%E6%A4%9C%E7%B4%A2" for ::1 at 2025-04-22 23:53:14 +0900
Processing by WordsController#search as HTML
  Parameters: {"q"=>"ｇｈｊ", "commit"=>"検索"}
  Rendering layout layouts/application.html.erb
  Rendering words/search.html.erb within layouts/application
  [1m[36mWord Exists? (0.4ms)[0m  [1m[34mSELECT 1 AS one FROM "words" WHERE (name LIKE '%ｇｈｊ%') LIMIT ?[0m  [["LIMIT", 1]]
  ↳ app/views/words/search.html.erb:3
  Rendered words/search.html.erb within layouts/application (Duration: 7.6ms | Allocations: 591)
  Rendered layout layouts/application.html.erb (Duration: 20.9ms | Allocations: 2759)
Completed 200 OK in 26ms (Views: 22.7ms | ActiveRecord: 0.4ms | Allocations: 3052)


Started GET "/words/search?q=%EF%BD%87%EF%BD%88%EF%BD%8A&commit=%E6%A4%9C%E7%B4%A2" for ::1 at 2025-04-22 23:53:19 +0900
Processing by WordsController#search as HTML
  Parameters: {"q"=>"ｇｈｊ", "commit"=>"検索"}
  Rendering layout layouts/application.html.erb
  Rendering words/search.html.erb within layouts/application
  [1m[36mWord Exists? (0.2ms)[0m  [1m[34mSELECT 1 AS one FROM "words" WHERE (name LIKE '%ｇｈｊ%') LIMIT ?[0m  [["LIMIT", 1]]
  ↳ app/views/words/search.html.erb:3
  Rendered words/search.html.erb within layouts/application (Duration: 3.1ms | Allocations: 591)
  Rendered layout layouts/application.html.erb (Duration: 18.9ms | Allocations: 2739)
Completed 200 OK in 23ms (Views: 20.6ms | ActiveRecord: 0.2ms | Allocations: 3032)


Started GET "/words/search?q=%EF%BD%87%EF%BD%88%EF%BD%8A&commit=%E6%A4%9C%E7%B4%A2" for ::1 at 2025-04-22 23:53:25 +0900
Processing by WordsController#search as HTML
  Parameters: {"q"=>"ｇｈｊ", "commit"=>"検索"}
  Rendering layout layouts/application.html.erb
  Rendering words/search.html.erb within layouts/application
  [1m[36mWord Exists? (0.3ms)[0m  [1m[34mSELECT 1 AS one FROM "words" WHERE (name LIKE '%ｇｈｊ%') LIMIT ?[0m  [["LIMIT", 1]]
  ↳ app/views/words/search.html.erb:3
  Rendered words/search.html.erb within layouts/application (Duration: 4.6ms | Allocations: 591)
  Rendered layout layouts/application.html.erb (Duration: 23.5ms | Allocations: 2754)
Completed 200 OK in 29ms (Views: 25.7ms | ActiveRecord: 0.3ms | Allocations: 3047)


Started GET "/words/index" for ::1 at 2025-04-22 23:53:37 +0900
Processing by WordsController#index as HTML
  [1m[36mWord Load (0.2ms)[0m  [1m[34mSELECT "words".* FROM "words" WHERE "words"."id" = ? LIMIT ?[0m  [["id", 4], ["LIMIT", 1]]
  ↳ app/controllers/words_controller.rb:3:in `index'
  Rendering layout layouts/application.html.erb
  Rendering words/index.html.erb within layouts/application
  Rendered words/index.html.erb within layouts/application (Duration: 3.9ms | Allocations: 699)
  Rendered layout layouts/application.html.erb (Duration: 22.8ms | Allocations: 2856)
Completed 200 OK in 34ms (Views: 27.8ms | ActiveRecord: 0.1ms | Allocations: 3629)


Started GET "/words/search?q=%EF%BD%86%EF%BD%87%EF%BD%88%EF%BD%8A&commit=%E6%A4%9C%E7%B4%A2" for ::1 at 2025-04-22 23:56:24 +0900
Processing by WordsController#search as HTML
  Parameters: {"q"=>"ｆｇｈｊ", "commit"=>"検索"}
  Rendering layout layouts/application.html.erb
  Rendering words/search.html.erb within layouts/application
  [1m[36mWord Exists? (0.2ms)[0m  [1m[34mSELECT 1 AS one FROM "words" WHERE (name LIKE '%ｆｇｈｊ%') LIMIT ?[0m  [["LIMIT", 1]]
  ↳ app/views/words/search.html.erb:3
  Rendered words/search.html.erb within layouts/application (Duration: 10.3ms | Allocations: 592)
  Rendered layout layouts/application.html.erb (Duration: 22.5ms | Allocations: 2749)
Completed 200 OK in 26ms (Views: 23.6ms | ActiveRecord: 0.2ms | Allocations: 3042)


Started GET "/words/search?q=%EF%BD%86%EF%BD%87%EF%BD%88%EF%BD%8A&commit=%E6%A4%9C%E7%B4%A2" for ::1 at 2025-04-22 23:58:04 +0900
Processing by WordsController#search as HTML
  Parameters: {"q"=>"ｆｇｈｊ", "commit"=>"検索"}
  Rendering layout layouts/application.html.erb
  Rendering words/search.html.erb within layouts/application
  [1m[36mWord Exists? (0.2ms)[0m  [1m[34mSELECT 1 AS one FROM "words" WHERE (name LIKE '%ｆｇｈｊ%') LIMIT ?[0m  [["LIMIT", 1]]
  ↳ app/views/words/search.html.erb:3
  Rendered words/search.html.erb within layouts/application (Duration: 3.6ms | Allocations: 592)
  Rendered layout layouts/application.html.erb (Duration: 28.6ms | Allocations: 2747)
Completed 200 OK in 35ms (Views: 32.2ms | ActiveRecord: 0.2ms | Allocations: 3040)


Started GET "/" for ::1 at 2025-05-07 21:26:11 +0900
  [1m[36mActiveRecord::SchemaMigration Load (28.2ms)[0m  [1m[34mSELECT "schema_migrations"."version" FROM "schema_migrations" ORDER BY "schema_migrations"."version" ASC[0m
Processing by Rails::WelcomeController#index as HTML
  Rendering C:/Ruby31-x64/lib/ruby/gems/3.1.0/gems/railties-7.1.5.1/lib/rails/templates/rails/welcome/index.html.erb
  Rendered C:/Ruby31-x64/lib/ruby/gems/3.1.0/gems/railties-7.1.5.1/lib/rails/templates/rails/welcome/index.html.erb (Duration: 2.3ms | Allocations: 386)
Completed 200 OK in 1521ms (Views: 166.6ms | ActiveRecord: 0.0ms | Allocations: 7279)


Started GET "/words/index" for ::1 at 2025-05-07 21:27:31 +0900
Processing by WordsController#index as HTML
  [1m[36mWord Load (0.3ms)[0m  [1m[34mSELECT "words".* FROM "words" WHERE "words"."id" = ? LIMIT ?[0m  [["id", 4], ["LIMIT", 1]]
  ↳ app/controllers/words_controller.rb:3:in `index'
  Rendering layout layouts/application.html.erb
  Rendering words/index.html.erb within layouts/application
  Rendered words/index.html.erb within layouts/application (Duration: 102.7ms | Allocations: 1332)
  Rendered layout layouts/application.html.erb (Duration: 934.3ms | Allocations: 29679)
Completed 200 OK in 1656ms (Views: 972.2ms | ActiveRecord: 10.9ms | Allocations: 48740)


Started GET "/words" for ::1 at 2025-05-07 21:28:41 +0900
Processing by WordsController#index as HTML
  [1m[36mWord Load (0.3ms)[0m  [1m[34mSELECT "words".* FROM "words" WHERE "words"."id" = ? LIMIT ?[0m  [["id", 4], ["LIMIT", 1]]
  ↳ app/controllers/words_controller.rb:3:in `index'
  Rendering layout layouts/application.html.erb
  Rendering words/index.html.erb within layouts/application
  Rendered words/index.html.erb within layouts/application (Duration: 1.8ms | Allocations: 707)
  Rendered layout layouts/application.html.erb (Duration: 549.3ms | Allocations: 7456)
Completed 200 OK in 563ms (Views: 556.0ms | ActiveRecord: 0.3ms | Allocations: 8378)


Started GET "/words/search" for ::1 at 2025-05-07 21:30:06 +0900
Processing by WordsController#search as HTML
  Rendering layout layouts/application.html.erb
  Rendering words/search.html.erb within layouts/application
  Rendered words/search.html.erb within layouts/application (Duration: 47.1ms | Allocations: 2743)
  Rendered layout layouts/application.html.erb (Duration: 49.4ms | Allocations: 2839)
Completed 500 Internal Server Error in 94ms (ActiveRecord: 0.0ms | Allocations: 3913)


  
ActionView::Template::Error (undefined method `any?' for nil:NilClass

'.freeze; if @words.any? 
                   ^^^^^):
    1: <h2>検索結果</h2>
    2: 
    3: <% if @words.any? %>
    4:   <ul>
    5:     <% @words.each do |word| %>
    6:       <li><%= word.explanation %></li>
  
app/views/words/search.html.erb:3
Started GET "/words/search" for ::1 at 2025-05-07 21:31:20 +0900
Processing by WordsController#search as HTML
  Rendering layout layouts/application.html.erb
  Rendering words/search.html.erb within layouts/application
  Rendered words/search.html.erb within layouts/application (Duration: 9.2ms | Allocations: 2747)
  Rendered layout layouts/application.html.erb (Duration: 11.3ms | Allocations: 2834)
Completed 500 Internal Server Error in 118ms (ActiveRecord: 0.0ms | Allocations: 3891)


  
ActionView::Template::Error (undefined method `any?' for nil:NilClass

'.freeze; if @words.any? 
                   ^^^^^):
     5: 
     6: <h2>検索結果</h2>
     7: 
     8: <% if @words.any? %>
     9:   <ul>
    10:     <% @words.each do |word| %>
    11:       <li><%= word.explanation %></li>
  
app/views/words/search.html.erb:8
Started GET "/words/search" for ::1 at 2025-05-07 21:34:43 +0900
Processing by WordsController#search as HTML
  Rendering layout layouts/application.html.erb
  Rendering words/search.html.erb within layouts/application
  Rendered words/search.html.erb within layouts/application (Duration: 5.2ms | Allocations: 2399)
  Rendered layout layouts/application.html.erb (Duration: 7.3ms | Allocations: 2480)
Completed 500 Internal Server Error in 19ms (ActiveRecord: 0.0ms | Allocations: 2745)


  
ActionView::Template::Error (undefined method `any?' for nil:NilClass

'.freeze; if @words.any? 
                   ^^^^^):
     5: 
     6: <h2>検索結果</h2>
     7: 
     8: <% if @words.any? %>
     9:   <ul>
    10:     <% @words.each do |word| %>
    11:       <li><%= word.explanation %></li>
  
app/views/words/search.html.erb:8
Started GET "/words/search" for ::1 at 2025-05-07 21:35:31 +0900
Processing by WordsController#search as HTML
  Rendering layout layouts/application.html.erb
  Rendering words/search.html.erb within layouts/application
  Rendered words/search.html.erb within layouts/application (Duration: 5.5ms | Allocations: 2748)
  Rendered layout layouts/application.html.erb (Duration: 7.4ms | Allocations: 2835)
Completed 500 Internal Server Error in 23ms (ActiveRecord: 0.0ms | Allocations: 3894)


  
ActionView::Template::Error (undefined method `any?' for nil:NilClass

'.freeze; if @words.any? 
                   ^^^^^):
     5: 
     6: <h2>検索結果</h2>
     7: 
     8: <% if @words.any? %>
     9:   <ul>
    10:     <% @words.each do |word| %>
    11:       <li><%= word.explanation %></li>
  
app/views/words/search.html.erb:8
Started GET "/words/index" for ::1 at 2025-05-07 21:37:15 +0900
  
AbstractController::ActionNotFound (The action 'show' could not be found for WordsController):
  
actionpack (7.1.5.1) lib/abstract_controller/base.rb:155:in `process'
actionview (7.1.5.1) lib/action_view/rendering.rb:40:in `process'
actionpack (7.1.5.1) lib/action_controller/metal.rb:227:in `dispatch'
actionpack (7.1.5.1) lib/action_controller/metal.rb:309:in `dispatch'
actionpack (7.1.5.1) lib/action_dispatch/routing/route_set.rb:49:in `dispatch'
actionpack (7.1.5.1) lib/action_dispatch/routing/route_set.rb:32:in `serve'
actionpack (7.1.5.1) lib/action_dispatch/journey/router.rb:51:in `block in serve'
actionpack (7.1.5.1) lib/action_dispatch/journey/router.rb:131:in `block in find_routes'
actionpack (7.1.5.1) lib/action_dispatch/journey/router.rb:124:in `each'
actionpack (7.1.5.1) lib/action_dispatch/journey/router.rb:124:in `find_routes'
actionpack (7.1.5.1) lib/action_dispatch/journey/router.rb:32:in `serve'
actionpack (7.1.5.1) lib/action_dispatch/routing/route_set.rb:882:in `call'
rack (3.1.12) lib/rack/tempfile_reaper.rb:20:in `call'
rack (3.1.12) lib/rack/etag.rb:29:in `call'
rack (3.1.12) lib/rack/conditional_get.rb:31:in `call'
rack (3.1.12) lib/rack/head.rb:15:in `call'
actionpack (7.1.5.1) lib/action_dispatch/http/permissions_policy.rb:36:in `call'
actionpack (7.1.5.1) lib/action_dispatch/http/content_security_policy.rb:36:in `call'
rack-session (2.1.0) lib/rack/session/abstract/id.rb:274:in `context'
rack-session (2.1.0) lib/rack/session/abstract/id.rb:268:in `call'
actionpack (7.1.5.1) lib/action_dispatch/middleware/cookies.rb:689:in `call'
activerecord (7.1.5.1) lib/active_record/migration.rb:655:in `call'
actionpack (7.1.5.1) lib/action_dispatch/middleware/callbacks.rb:29:in `block in call'
activesupport (7.1.5.1) lib/active_support/callbacks.rb:101:in `run_callbacks'
actionpack (7.1.5.1) lib/action_dispatch/middleware/callbacks.rb:28:in `call'
actionpack (7.1.5.1) lib/action_dispatch/middleware/executor.rb:14:in `call'
actionpack (7.1.5.1) lib/action_dispatch/middleware/actionable_exceptions.rb:16:in `call'
actionpack (7.1.5.1) lib/action_dispatch/middleware/debug_exceptions.rb:29:in `call'
web-console (4.2.1) lib/web_console/middleware.rb:132:in `call_app'
web-console (4.2.1) lib/web_console/middleware.rb:28:in `block in call'
web-console (4.2.1) lib/web_console/middleware.rb:17:in `catch'
web-console (4.2.1) lib/web_console/middleware.rb:17:in `call'
actionpack (7.1.5.1) lib/action_dispatch/middleware/show_exceptions.rb:31:in `call'
railties (7.1.5.1) lib/rails/rack/logger.rb:37:in `call_app'
railties (7.1.5.1) lib/rails/rack/logger.rb:24:in `block in call'
activesupport (7.1.5.1) lib/active_support/tagged_logging.rb:139:in `block in tagged'
activesupport (7.1.5.1) lib/active_support/tagged_logging.rb:39:in `tagged'
activesupport (7.1.5.1) lib/active_support/tagged_logging.rb:139:in `tagged'
activesupport (7.1.5.1) lib/active_support/broadcast_logger.rb:241:in `method_missing'
railties (7.1.5.1) lib/rails/rack/logger.rb:24:in `call'
sprockets-rails (3.5.2) lib/sprockets/rails/quiet_assets.rb:17:in `call'
actionpack (7.1.5.1) lib/action_dispatch/middleware/remote_ip.rb:92:in `call'
actionpack (7.1.5.1) lib/action_dispatch/middleware/request_id.rb:28:in `call'
rack (3.1.12) lib/rack/method_override.rb:28:in `call'
rack (3.1.12) lib/rack/runtime.rb:24:in `call'
activesupport (7.1.5.1) lib/active_support/cache/strategy/local_cache_middleware.rb:29:in `call'
actionpack (7.1.5.1) lib/action_dispatch/middleware/server_timing.rb:59:in `block in call'
actionpack (7.1.5.1) lib/action_dispatch/middleware/server_timing.rb:24:in `collect_events'
actionpack (7.1.5.1) lib/action_dispatch/middleware/server_timing.rb:58:in `call'
actionpack (7.1.5.1) lib/action_dispatch/middleware/executor.rb:14:in `call'
actionpack (7.1.5.1) lib/action_dispatch/middleware/static.rb:25:in `call'
rack (3.1.12) lib/rack/sendfile.rb:114:in `call'
actionpack (7.1.5.1) lib/action_dispatch/middleware/host_authorization.rb:141:in `call'
railties (7.1.5.1) lib/rails/engine.rb:536:in `call'
puma (6.6.0) lib/puma/configuration.rb:279:in `call'
puma (6.6.0) lib/puma/request.rb:99:in `block in handle_request'
puma (6.6.0) lib/puma/thread_pool.rb:390:in `with_force_shutdown'
puma (6.6.0) lib/puma/request.rb:98:in `handle_request'
puma (6.6.0) lib/puma/server.rb:472:in `process_client'
puma (6.6.0) lib/puma/server.rb:254:in `block in run'
puma (6.6.0) lib/puma/thread_pool.rb:167:in `block in spawn_thread'
Started GET "/words/index" for ::1 at 2025-05-07 21:37:39 +0900
  
AbstractController::ActionNotFound (The action 'show' could not be found for WordsController):
  
actionpack (7.1.5.1) lib/abstract_controller/base.rb:155:in `process'
actionview (7.1.5.1) lib/action_view/rendering.rb:40:in `process'
actionpack (7.1.5.1) lib/action_controller/metal.rb:227:in `dispatch'
actionpack (7.1.5.1) lib/action_controller/metal.rb:309:in `dispatch'
actionpack (7.1.5.1) lib/action_dispatch/routing/route_set.rb:49:in `dispatch'
actionpack (7.1.5.1) lib/action_dispatch/routing/route_set.rb:32:in `serve'
actionpack (7.1.5.1) lib/action_dispatch/journey/router.rb:51:in `block in serve'
actionpack (7.1.5.1) lib/action_dispatch/journey/router.rb:131:in `block in find_routes'
actionpack (7.1.5.1) lib/action_dispatch/journey/router.rb:124:in `each'
actionpack (7.1.5.1) lib/action_dispatch/journey/router.rb:124:in `find_routes'
actionpack (7.1.5.1) lib/action_dispatch/journey/router.rb:32:in `serve'
actionpack (7.1.5.1) lib/action_dispatch/routing/route_set.rb:882:in `call'
rack (3.1.12) lib/rack/tempfile_reaper.rb:20:in `call'
rack (3.1.12) lib/rack/etag.rb:29:in `call'
rack (3.1.12) lib/rack/conditional_get.rb:31:in `call'
rack (3.1.12) lib/rack/head.rb:15:in `call'
actionpack (7.1.5.1) lib/action_dispatch/http/permissions_policy.rb:36:in `call'
actionpack (7.1.5.1) lib/action_dispatch/http/content_security_policy.rb:36:in `call'
rack-session (2.1.0) lib/rack/session/abstract/id.rb:274:in `context'
rack-session (2.1.0) lib/rack/session/abstract/id.rb:268:in `call'
actionpack (7.1.5.1) lib/action_dispatch/middleware/cookies.rb:689:in `call'
activerecord (7.1.5.1) lib/active_record/migration.rb:655:in `call'
actionpack (7.1.5.1) lib/action_dispatch/middleware/callbacks.rb:29:in `block in call'
activesupport (7.1.5.1) lib/active_support/callbacks.rb:101:in `run_callbacks'
actionpack (7.1.5.1) lib/action_dispatch/middleware/callbacks.rb:28:in `call'
actionpack (7.1.5.1) lib/action_dispatch/middleware/executor.rb:14:in `call'
actionpack (7.1.5.1) lib/action_dispatch/middleware/actionable_exceptions.rb:16:in `call'
actionpack (7.1.5.1) lib/action_dispatch/middleware/debug_exceptions.rb:29:in `call'
web-console (4.2.1) lib/web_console/middleware.rb:132:in `call_app'
web-console (4.2.1) lib/web_console/middleware.rb:28:in `block in call'
web-console (4.2.1) lib/web_console/middleware.rb:17:in `catch'
web-console (4.2.1) lib/web_console/middleware.rb:17:in `call'
actionpack (7.1.5.1) lib/action_dispatch/middleware/show_exceptions.rb:31:in `call'
railties (7.1.5.1) lib/rails/rack/logger.rb:37:in `call_app'
railties (7.1.5.1) lib/rails/rack/logger.rb:24:in `block in call'
activesupport (7.1.5.1) lib/active_support/tagged_logging.rb:139:in `block in tagged'
activesupport (7.1.5.1) lib/active_support/tagged_logging.rb:39:in `tagged'
activesupport (7.1.5.1) lib/active_support/tagged_logging.rb:139:in `tagged'
activesupport (7.1.5.1) lib/active_support/broadcast_logger.rb:241:in `method_missing'
railties (7.1.5.1) lib/rails/rack/logger.rb:24:in `call'
sprockets-rails (3.5.2) lib/sprockets/rails/quiet_assets.rb:17:in `call'
actionpack (7.1.5.1) lib/action_dispatch/middleware/remote_ip.rb:92:in `call'
actionpack (7.1.5.1) lib/action_dispatch/middleware/request_id.rb:28:in `call'
rack (3.1.12) lib/rack/method_override.rb:28:in `call'
rack (3.1.12) lib/rack/runtime.rb:24:in `call'
activesupport (7.1.5.1) lib/active_support/cache/strategy/local_cache_middleware.rb:29:in `call'
actionpack (7.1.5.1) lib/action_dispatch/middleware/server_timing.rb:59:in `block in call'
actionpack (7.1.5.1) lib/action_dispatch/middleware/server_timing.rb:24:in `collect_events'
actionpack (7.1.5.1) lib/action_dispatch/middleware/server_timing.rb:58:in `call'
actionpack (7.1.5.1) lib/action_dispatch/middleware/executor.rb:14:in `call'
actionpack (7.1.5.1) lib/action_dispatch/middleware/static.rb:25:in `call'
rack (3.1.12) lib/rack/sendfile.rb:114:in `call'
actionpack (7.1.5.1) lib/action_dispatch/middleware/host_authorization.rb:141:in `call'
railties (7.1.5.1) lib/rails/engine.rb:536:in `call'
puma (6.6.0) lib/puma/configuration.rb:279:in `call'
puma (6.6.0) lib/puma/request.rb:99:in `block in handle_request'
puma (6.6.0) lib/puma/thread_pool.rb:390:in `with_force_shutdown'
puma (6.6.0) lib/puma/request.rb:98:in `handle_request'
puma (6.6.0) lib/puma/server.rb:472:in `process_client'
puma (6.6.0) lib/puma/server.rb:254:in `block in run'
puma (6.6.0) lib/puma/thread_pool.rb:167:in `block in spawn_thread'
Started GET "/words/index" for ::1 at 2025-05-07 21:38:48 +0900
Processing by WordsController#index as HTML
  [1m[36mWord Load (0.5ms)[0m  [1m[34mSELECT "words".* FROM "words" WHERE "words"."id" = ? LIMIT ?[0m  [["id", 4], ["LIMIT", 1]]
  ↳ app/controllers/words_controller.rb:3:in `index'
  Rendering layout layouts/application.html.erb
  Rendering words/index.html.erb within layouts/application
  Rendered words/index.html.erb within layouts/application (Duration: 4.9ms | Allocations: 942)
  Rendered layout layouts/application.html.erb (Duration: 27.4ms | Allocations: 3515)
Completed 200 OK in 108ms (Views: 52.9ms | ActiveRecord: 26.3ms | Allocations: 9953)


Started GET "/words/search?q=%E3%82%B9%E3%82%BF%E3%83%83%E3%82%AF&commit=%E6%A4%9C%E7%B4%A2" for ::1 at 2025-05-07 21:39:59 +0900
Processing by WordsController#search as HTML
  Parameters: {"q"=>"スタック", "commit"=>"検索"}
  Rendering layout layouts/application.html.erb
  Rendering words/search.html.erb within layouts/application
  [1m[36mWord Exists? (2.3ms)[0m  [1m[34mSELECT 1 AS one FROM "words" WHERE (name LIKE '%スタック%') LIMIT ?[0m  [["LIMIT", 1]]
  ↳ app/views/words/search.html.erb:8
  [1m[36mWord Load (0.3ms)[0m  [1m[34mSELECT "words".* FROM "words" WHERE (name LIKE '%スタック%')[0m
  ↳ app/views/words/search.html.erb:10
  Rendered words/search.html.erb within layouts/application (Duration: 22.5ms | Allocations: 2445)
  Rendered layout layouts/application.html.erb (Duration: 48.0ms | Allocations: 4588)
Completed 200 OK in 58ms (Views: 48.5ms | ActiveRecord: 2.5ms | Allocations: 4996)


Started GET "/words/search" for ::1 at 2025-05-07 21:46:20 +0900
Processing by WordsController#search as HTML
  Rendering layout layouts/application.html.erb
  Rendering words/search.html.erb within layouts/application
  Rendered words/search.html.erb within layouts/application (Duration: 49.7ms | Allocations: 5061)
  Rendered layout layouts/application.html.erb (Duration: 52.0ms | Allocations: 5148)
Completed 500 Internal Server Error in 198ms (ActiveRecord: 0.0ms | Allocations: 6214)


  
ActionView::Template::Error (undefined local variable or method `search_products_path' for #<ActionView::Base:0x0000000001ef50>

'.freeze; @output_buffer.append=  form_with url: search_products_path, method: :get, local: true do |form| ; @output_buffer.safe_append='
                                                 ^^^^^^^^^^^^^^^^^^^^
Did you mean?  search_words_path):
    1: <h2>商品検索</h2>
    2: 
    3: <%= form_with url: search_products_path, method: :get, local: true do |form| %>
    4:   <%= form.text_field :q, placeholder: "商品名を検索" %>
    5:   <%= form.submit "検索" %>
    6: <% end %>
  
app/views/words/search.html.erb:3
Started GET "/words/searchhjkl" for ::1 at 2025-05-07 21:55:07 +0900
  
AbstractController::ActionNotFound (The action 'show' could not be found for WordsController):
  
actionpack (7.1.5.1) lib/abstract_controller/base.rb:155:in `process'
actionview (7.1.5.1) lib/action_view/rendering.rb:40:in `process'
actionpack (7.1.5.1) lib/action_controller/metal.rb:227:in `dispatch'
actionpack (7.1.5.1) lib/action_controller/metal.rb:309:in `dispatch'
actionpack (7.1.5.1) lib/action_dispatch/routing/route_set.rb:49:in `dispatch'
actionpack (7.1.5.1) lib/action_dispatch/routing/route_set.rb:32:in `serve'
actionpack (7.1.5.1) lib/action_dispatch/journey/router.rb:51:in `block in serve'
actionpack (7.1.5.1) lib/action_dispatch/journey/router.rb:131:in `block in find_routes'
actionpack (7.1.5.1) lib/action_dispatch/journey/router.rb:124:in `each'
actionpack (7.1.5.1) lib/action_dispatch/journey/router.rb:124:in `find_routes'
actionpack (7.1.5.1) lib/action_dispatch/journey/router.rb:32:in `serve'
actionpack (7.1.5.1) lib/action_dispatch/routing/route_set.rb:882:in `call'
rack (3.1.12) lib/rack/tempfile_reaper.rb:20:in `call'
rack (3.1.12) lib/rack/etag.rb:29:in `call'
rack (3.1.12) lib/rack/conditional_get.rb:31:in `call'
rack (3.1.12) lib/rack/head.rb:15:in `call'
actionpack (7.1.5.1) lib/action_dispatch/http/permissions_policy.rb:36:in `call'
actionpack (7.1.5.1) lib/action_dispatch/http/content_security_policy.rb:36:in `call'
rack-session (2.1.0) lib/rack/session/abstract/id.rb:274:in `context'
rack-session (2.1.0) lib/rack/session/abstract/id.rb:268:in `call'
actionpack (7.1.5.1) lib/action_dispatch/middleware/cookies.rb:689:in `call'
activerecord (7.1.5.1) lib/active_record/migration.rb:655:in `call'
actionpack (7.1.5.1) lib/action_dispatch/middleware/callbacks.rb:29:in `block in call'
activesupport (7.1.5.1) lib/active_support/callbacks.rb:101:in `run_callbacks'
actionpack (7.1.5.1) lib/action_dispatch/middleware/callbacks.rb:28:in `call'
actionpack (7.1.5.1) lib/action_dispatch/middleware/executor.rb:14:in `call'
actionpack (7.1.5.1) lib/action_dispatch/middleware/actionable_exceptions.rb:16:in `call'
actionpack (7.1.5.1) lib/action_dispatch/middleware/debug_exceptions.rb:29:in `call'
web-console (4.2.1) lib/web_console/middleware.rb:132:in `call_app'
web-console (4.2.1) lib/web_console/middleware.rb:28:in `block in call'
web-console (4.2.1) lib/web_console/middleware.rb:17:in `catch'
web-console (4.2.1) lib/web_console/middleware.rb:17:in `call'
actionpack (7.1.5.1) lib/action_dispatch/middleware/show_exceptions.rb:31:in `call'
railties (7.1.5.1) lib/rails/rack/logger.rb:37:in `call_app'
railties (7.1.5.1) lib/rails/rack/logger.rb:24:in `block in call'
activesupport (7.1.5.1) lib/active_support/tagged_logging.rb:139:in `block in tagged'
activesupport (7.1.5.1) lib/active_support/tagged_logging.rb:39:in `tagged'
activesupport (7.1.5.1) lib/active_support/tagged_logging.rb:139:in `tagged'
activesupport (7.1.5.1) lib/active_support/broadcast_logger.rb:241:in `method_missing'
railties (7.1.5.1) lib/rails/rack/logger.rb:24:in `call'
sprockets-rails (3.5.2) lib/sprockets/rails/quiet_assets.rb:17:in `call'
actionpack (7.1.5.1) lib/action_dispatch/middleware/remote_ip.rb:92:in `call'
actionpack (7.1.5.1) lib/action_dispatch/middleware/request_id.rb:28:in `call'
rack (3.1.12) lib/rack/method_override.rb:28:in `call'
rack (3.1.12) lib/rack/runtime.rb:24:in `call'
activesupport (7.1.5.1) lib/active_support/cache/strategy/local_cache_middleware.rb:29:in `call'
actionpack (7.1.5.1) lib/action_dispatch/middleware/server_timing.rb:59:in `block in call'
actionpack (7.1.5.1) lib/action_dispatch/middleware/server_timing.rb:24:in `collect_events'
actionpack (7.1.5.1) lib/action_dispatch/middleware/server_timing.rb:58:in `call'
actionpack (7.1.5.1) lib/action_dispatch/middleware/executor.rb:14:in `call'
actionpack (7.1.5.1) lib/action_dispatch/middleware/static.rb:25:in `call'
rack (3.1.12) lib/rack/sendfile.rb:114:in `call'
actionpack (7.1.5.1) lib/action_dispatch/middleware/host_authorization.rb:141:in `call'
railties (7.1.5.1) lib/rails/engine.rb:536:in `call'
puma (6.6.0) lib/puma/configuration.rb:279:in `call'
puma (6.6.0) lib/puma/request.rb:99:in `block in handle_request'
puma (6.6.0) lib/puma/thread_pool.rb:390:in `with_force_shutdown'
puma (6.6.0) lib/puma/request.rb:98:in `handle_request'
puma (6.6.0) lib/puma/server.rb:472:in `process_client'
puma (6.6.0) lib/puma/server.rb:254:in `block in run'
puma (6.6.0) lib/puma/thread_pool.rb:167:in `block in spawn_thread'
Started GET "/wordssearchhjkl" for ::1 at 2025-05-07 21:55:14 +0900
  
ActionController::RoutingError (No route matches [GET] "/wordssearchhjkl"):
  
Started GET "/wordssearchhjkl" for ::1 at 2025-05-07 21:59:24 +0900
  
ActionController::RoutingError (No route matches [GET] "/wordssearchhjkl"):
  
Started GET "/wordssearchhjkl" for ::1 at 2025-05-07 22:00:40 +0900
  
ActionController::RoutingError (No route matches [GET] "/wordssearchhjkl"):
  
Started GET "/wordssearchhjkl" for ::1 at 2025-05-07 22:13:03 +0900
  
ActionController::RoutingError (No route matches [GET] "/wordssearchhjkl"):
  
Started GET "/wordssearchhjkl" for ::1 at 2025-05-07 22:14:19 +0900
  
ActionController::RoutingError (No route matches [GET] "/wordssearchhjkl"):
  
Started GET "/words/search" for ::1 at 2025-05-07 22:18:16 +0900
Processing by WordsController#search as HTML
  Rendering layout layouts/application.html.erb
  Rendering words/search.html.erb within layouts/application
  Rendered words/search.html.erb within layouts/application (Duration: 37.8ms | Allocations: 5009)
  Rendered layout layouts/application.html.erb (Duration: 39.6ms | Allocations: 5096)
Completed 500 Internal Server Error in 71ms (ActiveRecord: 0.0ms | Allocations: 6155)


  
ActionView::Template::Error (undefined local variable or method `search_products_path' for #<ActionView::Base:0x00000000032208>

'.freeze; @output_buffer.append=  form_with url: search_products_path, method: :get, local: true do |form| ; @output_buffer.safe_append='
                                                 ^^^^^^^^^^^^^^^^^^^^
Did you mean?  search_words_path):
    1: <h2>商品検索</h2>
    2: 
    3: <%= form_with url: search_products_path, method: :get, local: true do |form| %>
    4:   <%= form.text_field :q, placeholder: "商品名を検索" %>
    5:   <%= form.submit "検索" %>
    6: <% end %>
  
app/views/words/search.html.erb:3
Started GET "/words/search" for ::1 at 2025-05-07 22:19:48 +0900
Processing by WordsController#search as HTML
  Rendering layout layouts/application.html.erb
  Rendering words/search.html.erb within layouts/application
  Rendered words/search.html.erb within layouts/application (Duration: 2.4ms | Allocations: 1015)
  Rendered layout layouts/application.html.erb (Duration: 15.9ms | Allocations: 3589)
Completed 200 OK in 72ms (Views: 29.8ms | ActiveRecord: 0.0ms | Allocations: 4669)


Started GET "/words/search?q=%E3%82%B9%E3%82%BF%E3%83%83%E3%82%AF&commit=%E6%A4%9C%E7%B4%A2" for ::1 at 2025-05-07 22:20:23 +0900
Processing by WordsController#search as HTML
  Parameters: {"q"=>"スタック", "commit"=>"検索"}
  Rendering layout layouts/application.html.erb
  Rendering words/search.html.erb within layouts/application
  [1m[36mWord Load (11.8ms)[0m  [1m[34mSELECT "words".* FROM "words" WHERE (name LIKE '%スタック%')[0m
  ↳ app/views/words/search.html.erb:11
  Rendered words/search.html.erb within layouts/application (Duration: 30.5ms | Allocations: 4277)
  Rendered layout layouts/application.html.erb (Duration: 48.2ms | Allocations: 6609)
Completed 200 OK in 76ms (Views: 29.0ms | ActiveRecord: 21.5ms | Allocations: 7840)


Started GET "/words/search?q=%E3%82%B9%E3%82%BF%E3%83%83%E3%82%AF&commit=%E6%A4%9C%E7%B4%A2" for ::1 at 2025-05-07 22:24:22 +0900
Processing by WordsController#search as HTML
  Parameters: {"q"=>"スタック", "commit"=>"検索"}
  Rendering layout layouts/application.html.erb
  Rendering words/search.html.erb within layouts/application
  [1m[36mWord Load (0.2ms)[0m  [1m[34mSELECT "words".* FROM "words" WHERE (name LIKE '%スタック%')[0m
  ↳ app/views/words/search.html.erb:11
  Rendered words/search.html.erb within layouts/application (Duration: 17.2ms | Allocations: 4745)
  Rendered layout layouts/application.html.erb (Duration: 34.7ms | Allocations: 7306)
Completed 200 OK in 110ms (Views: 43.1ms | ActiveRecord: 12.6ms | Allocations: 9570)


Started GET "/words/search?q=%E3%82%AD%E3%83%A5%E3%83%BC&commit=%E6%A4%9C%E7%B4%A2" for ::1 at 2025-05-07 22:26:54 +0900
Processing by WordsController#search as HTML
  Parameters: {"q"=>"キュー", "commit"=>"検索"}
  Rendering layout layouts/application.html.erb
  Rendering words/search.html.erb within layouts/application
  [1m[36mWord Load (0.5ms)[0m  [1m[34mSELECT "words".* FROM "words" WHERE (name LIKE '%キュー%')[0m
  ↳ app/views/words/search.html.erb:11
  Rendered words/search.html.erb within layouts/application (Duration: 6.5ms | Allocations: 1301)
  Rendered layout layouts/application.html.erb (Duration: 30.0ms | Allocations: 3432)
Completed 200 OK in 35ms (Views: 31.5ms | ActiveRecord: 0.4ms | Allocations: 3759)


Started GET "/words/search?q=%E3%82%B9%E3%83%97%E3%83%BC%E3%83%AA%E3%83%B3%E3%82%B0&commit=%E6%A4%9C%E7%B4%A2" for ::1 at 2025-05-07 22:27:28 +0900
Processing by WordsController#search as HTML
  Parameters: {"q"=>"スプーリング", "commit"=>"検索"}
  Rendering layout layouts/application.html.erb
  Rendering words/search.html.erb within layouts/application
  [1m[36mWord Load (0.3ms)[0m  [1m[34mSELECT "words".* FROM "words" WHERE (name LIKE '%スプーリング%')[0m
  ↳ app/views/words/search.html.erb:11
  Rendered words/search.html.erb within layouts/application (Duration: 6.5ms | Allocations: 1321)
  Rendered layout layouts/application.html.erb (Duration: 28.1ms | Allocations: 3452)
Completed 200 OK in 33ms (Views: 29.5ms | ActiveRecord: 0.3ms | Allocations: 3745)


Started GET "/wordssearch?q=%E3%82%B9%E3%83%97%E3%83%BC%E3%83%AA%E3%83%B3%E3%82%B0&commit=%E6%A4%9C%E7%B4%A2" for ::1 at 2025-05-07 22:28:21 +0900
  
ActionController::RoutingError (No route matches [GET] "/wordssearch"):
  
Started GET "/words/new" for ::1 at 2025-05-07 22:34:25 +0900
Processing by WordsController#new as HTML
  Rendering layout layouts/application.html.erb
  Rendering words/new.html.erb within layouts/application
  Rendered words/new.html.erb within layouts/application (Duration: 2.2ms | Allocations: 116)
  Rendered layout layouts/application.html.erb (Duration: 23.0ms | Allocations: 2701)
Completed 200 OK in 109ms (Views: 49.0ms | ActiveRecord: 0.0ms | Allocations: 3773)


Started GET "/wordsnew" for ::1 at 2025-05-07 22:35:16 +0900
  
ActionController::RoutingError (No route matches [GET] "/wordsnew"):
  
Started GET "/words/new" for ::1 at 2025-05-07 22:55:58 +0900
Processing by WordsController#new as HTML
  Rendering layout layouts/application.html.erb
  Rendering words/new.html.erb within layouts/application
  Rendered words/new.html.erb within layouts/application (Duration: 105.0ms | Allocations: 6683)
  Rendered layout layouts/application.html.erb (Duration: 107.9ms | Allocations: 6779)
Completed 500 Internal Server Error in 167ms (ActiveRecord: 0.0ms | Allocations: 11179)


  
ActionView::Template::Error (undefined local variable or method `root_path' for #<ActionView::Base:0x000000000419b0>
Did you mean?  font_path):
    16:   </div>
    17: <% end %>
    18: 
    19: <%= link_to "戻る", root_path %>
  
app/views/words/new.html.erb:19
Started GET "/words/new" for ::1 at 2025-05-07 22:57:50 +0900
Processing by WordsController#new as HTML
  Rendering layout layouts/application.html.erb
  Rendering words/new.html.erb within layouts/application
  Rendered words/new.html.erb within layouts/application (Duration: 9.7ms | Allocations: 1002)
  Rendered layout layouts/application.html.erb (Duration: 29.5ms | Allocations: 3308)
Completed 200 OK in 128ms (Views: 45.3ms | ActiveRecord: 14.4ms | Allocations: 8448)


Started POST "/words" for ::1 at 2025-05-07 22:59:25 +0900
Processing by WordsController#create as HTML
  Parameters: {"authenticity_token"=>"[FILTERED]", "word"=>{"name"=>"トランザクション", "explanation"=>"処理開始から処理終了までの一連の流れ"}, "commit"=>"登録する"}
  [1m[36mTRANSACTION (0.2ms)[0m  [1m[36mbegin transaction[0m
  ↳ app/controllers/words_controller.rb:18:in `create'
  [1m[36mWord Create (28.0ms)[0m  [1m[32mINSERT INTO "words" ("name", "explanation", "count", "created_at", "updated_at") VALUES (?, ?, ?, ?, ?) RETURNING "id"[0m  [["name", "トランザクション"], ["explanation", "処理開始から処理終了までの一連の流れ"], ["count", nil], ["created_at", "2025-05-07 13:59:25.769458"], ["updated_at", "2025-05-07 13:59:25.769458"]]
  ↳ app/controllers/words_controller.rb:18:in `create'
  [1m[36mTRANSACTION (4.4ms)[0m  [1m[36mcommit transaction[0m
  ↳ app/controllers/words_controller.rb:18:in `create'
Redirected to http://localhost:3000/words/new
Completed 302 Found in 60ms (ActiveRecord: 32.5ms | Allocations: 4369)


Started GET "/words/new" for ::1 at 2025-05-07 22:59:25 +0900
Processing by WordsController#new as HTML
  Rendering layout layouts/application.html.erb
  Rendering words/new.html.erb within layouts/application
  Rendered words/new.html.erb within layouts/application (Duration: 2.0ms | Allocations: 586)
  Rendered layout layouts/application.html.erb (Duration: 22.5ms | Allocations: 2655)
Completed 200 OK in 28ms (Views: 24.1ms | ActiveRecord: 0.0ms | Allocations: 2964)


Started GET "/words/search" for ::1 at 2025-05-07 22:59:42 +0900
Processing by WordsController#search as HTML
  Rendering layout layouts/application.html.erb
  Rendering words/search.html.erb within layouts/application
  Rendered words/search.html.erb within layouts/application (Duration: 3.7ms | Allocations: 993)
  Rendered layout layouts/application.html.erb (Duration: 22.9ms | Allocations: 3175)
Completed 200 OK in 35ms (Views: 28.9ms | ActiveRecord: 0.0ms | Allocations: 3506)


Started GET "/words/search?q=%E3%83%88%E3%83%A9%E3%83%B3%E3%82%B6%E3%82%AF%E3%82%B7%E3%83%A7%E3%83%B3&commit=%E6%A4%9C%E7%B4%A2" for ::1 at 2025-05-07 22:59:48 +0900
Processing by WordsController#search as HTML
  Parameters: {"q"=>"トランザクション", "commit"=>"検索"}
  Rendering layout layouts/application.html.erb
  Rendering words/search.html.erb within layouts/application
  [1m[36mWord Load (0.4ms)[0m  [1m[34mSELECT "words".* FROM "words" WHERE (name LIKE '%トランザクション%')[0m
  ↳ app/views/words/search.html.erb:11
  Rendered words/search.html.erb within layouts/application (Duration: 11.1ms | Allocations: 1418)
  Rendered layout layouts/application.html.erb (Duration: 31.5ms | Allocations: 3597)
Completed 200 OK in 38ms (Views: 34.8ms | ActiveRecord: 0.3ms | Allocations: 3974)


Started GET "/words/search?q=%E3%83%88%E3%83%A9%E3%83%B3%E3%82%B6%E3%82%AF%E3%82%B7%E3%83%A7%E3%83%B3&commit=%E6%A4%9C%E7%B4%A2" for ::1 at 2025-05-07 23:00:57 +0900
Processing by WordsController#search as HTML
  Parameters: {"q"=>"トランザクション", "commit"=>"検索"}
  Rendering layout layouts/application.html.erb
  Rendering words/search.html.erb within layouts/application
  [1m[36mWord Load (3.7ms)[0m  [1m[34mSELECT "words".* FROM "words" WHERE (name LIKE '%トランザクション%')[0m
  ↳ app/views/words/search.html.erb:11
  Rendered words/search.html.erb within layouts/application (Duration: 35.3ms | Allocations: 4746)
  Rendered layout layouts/application.html.erb (Duration: 54.8ms | Allocations: 7350)
Completed 200 OK in 230ms (Views: 193.8ms | ActiveRecord: 29.3ms | Allocations: 9615)


Started GET "/words/search?q=%E3%83%88%E3%83%A9%E3%83%B3%E3%82%B6%E3%82%AF%E3%82%B7%E3%83%A7%E3%83%B3&commit=%E6%A4%9C%E7%B4%A2" for ::1 at 2025-05-07 23:04:36 +0900
Processing by WordsController#search as HTML
  Parameters: {"q"=>"トランザクション", "commit"=>"検索"}
  Rendering layout layouts/application.html.erb
  Rendering words/search.html.erb within layouts/application
  [1m[36mWord Load (0.3ms)[0m  [1m[34mSELECT "words".* FROM "words" WHERE (name LIKE '%トランザクション%')[0m
  ↳ app/views/words/search.html.erb:11
  Rendered words/search.html.erb within layouts/application (Duration: 10.9ms | Allocations: 4725)
  Rendered layout layouts/application.html.erb (Duration: 20.3ms | Allocations: 7398)
Completed 200 OK in 92ms (Views: 76.1ms | ActiveRecord: 5.2ms | Allocations: 9663)


Started GET "/words" for ::1 at 2025-05-07 23:04:45 +0900
Processing by WordsController#index as HTML
  Rendering layout layouts/application.html.erb
  Rendering words/index.html.erb within layouts/application
  Rendered words/index.html.erb within layouts/application (Duration: 5.1ms | Allocations: 90)
  Rendered layout layouts/application.html.erb (Duration: 20.8ms | Allocations: 2317)
Completed 200 OK in 49ms (Views: 24.3ms | ActiveRecord: 0.0ms | Allocations: 2658)


Started GET "/words/search" for ::1 at 2025-05-07 23:04:48 +0900
Processing by WordsController#search as HTML
  Rendering layout layouts/application.html.erb
  Rendering words/search.html.erb within layouts/application
  Rendered words/search.html.erb within layouts/application (Duration: 6.7ms | Allocations: 684)
  Rendered layout layouts/application.html.erb (Duration: 23.0ms | Allocations: 2906)
Completed 200 OK in 28ms (Views: 24.9ms | ActiveRecord: 0.0ms | Allocations: 3159)


Started GET "/words/search" for ::1 at 2025-05-07 23:05:32 +0900
Processing by WordsController#search as HTML
  Rendering layout layouts/application.html.erb
  Rendering words/search.html.erb within layouts/application
  Rendered words/search.html.erb within layouts/application (Duration: 3.7ms | Allocations: 1016)
  Rendered layout layouts/application.html.erb (Duration: 21.7ms | Allocations: 3734)
Completed 200 OK in 108ms (Views: 100.5ms | ActiveRecord: 0.0ms | Allocations: 4814)


Started GET "/words/new" for ::1 at 2025-05-07 23:05:38 +0900
Processing by WordsController#new as HTML
  Rendering layout layouts/application.html.erb
  Rendering words/new.html.erb within layouts/application
  Rendered words/new.html.erb within layouts/application (Duration: 7.7ms | Allocations: 986)
  Rendered layout layouts/application.html.erb (Duration: 23.6ms | Allocations: 3125)
Completed 200 OK in 62ms (Views: 25.9ms | ActiveRecord: 14.9ms | Allocations: 7586)


Started GET "/words/search" for ::1 at 2025-05-07 23:05:44 +0900
Processing by WordsController#search as HTML
  Rendering layout layouts/application.html.erb
  Rendering words/search.html.erb within layouts/application
  Rendered words/search.html.erb within layouts/application (Duration: 1.6ms | Allocations: 689)
  Rendered layout layouts/application.html.erb (Duration: 22.9ms | Allocations: 2921)
Completed 200 OK in 32ms (Views: 28.9ms | ActiveRecord: 0.0ms | Allocations: 3180)


Started GET "/words/search" for ::1 at 2025-05-07 23:06:31 +0900
Processing by WordsController#search as HTML
  Rendering layout layouts/application.html.erb
  Rendering words/search.html.erb within layouts/application
  Rendered words/search.html.erb within layouts/application (Duration: 3.6ms | Allocations: 1016)
  Rendered layout layouts/application.html.erb (Duration: 24.0ms | Allocations: 3736)
Completed 200 OK in 90ms (Views: 42.7ms | ActiveRecord: 0.0ms | Allocations: 4816)


Started GET "/words" for ::1 at 2025-05-07 23:15:24 +0900
Processing by WordsController#index as HTML
  Rendering layout layouts/application.html.erb
  Rendering words/index.html.erb within layouts/application
  Rendered words/index.html.erb within layouts/application (Duration: 4.5ms | Allocations: 1913)
  Rendered layout layouts/application.html.erb (Duration: 6.4ms | Allocations: 2000)
Completed 500 Internal Server Error in 83ms (ActiveRecord: 0.0ms | Allocations: 3807)


  
ActionView::Template::Error (undefined method `each' for nil:NilClass

'.freeze;     @words.each do |word| 
                    ^^^^^):
    10:     </tr>
    11:   </thead>
    12:   <tbody>
    13:     <% @words.each do |word| %>
    14:       <tr>
    15:         <td><%= word.id %></td>
    16:         <td><%= word.name %></td>
  
app/views/words/index.html.erb:13
Started GET "/words" for ::1 at 2025-05-07 23:16:25 +0900
Processing by WordsController#index as HTML
  Rendering layout layouts/application.html.erb
  Rendering words/index.html.erb within layouts/application
  [1m[36mWord Load (0.7ms)[0m  [1m[34mSELECT "words".* FROM "words"[0m
  ↳ app/views/words/index.html.erb:13
  Rendered words/index.html.erb within layouts/application (Duration: 22.6ms | Allocations: 4756)
  Rendered layout layouts/application.html.erb (Duration: 30.7ms | Allocations: 7543)
Completed 200 OK in 53ms (Views: 38.1ms | ActiveRecord: 6.3ms | Allocations: 9368)


Started GET "/words" for ::1 at 2025-05-07 23:19:13 +0900
Processing by WordsController#index as HTML
  Rendering layout layouts/application.html.erb
  Rendering words/index.html.erb within layouts/application
  [1m[36mWord Load (0.3ms)[0m  [1m[34mSELECT "words".* FROM "words"[0m
  ↳ app/views/words/index.html.erb:12
  Rendered words/index.html.erb within layouts/application (Duration: 19.4ms | Allocations: 4377)
  Rendered layout layouts/application.html.erb (Duration: 32.3ms | Allocations: 7138)
Completed 200 OK in 72ms (Views: 40.2ms | ActiveRecord: 5.5ms | Allocations: 8963)


Started GET "/words" for ::1 at 2025-05-07 23:19:56 +0900
Processing by WordsController#index as HTML
  Rendering layout layouts/application.html.erb
  Rendering words/index.html.erb within layouts/application
  [1m[36mWord Load (0.3ms)[0m  [1m[34mSELECT "words".* FROM "words"[0m
  ↳ app/views/words/index.html.erb:11
  Rendered words/index.html.erb within layouts/application (Duration: 17.1ms | Allocations: 4408)
  Rendered layout layouts/application.html.erb (Duration: 28.8ms | Allocations: 7192)
Completed 200 OK in 66ms (Views: 28.5ms | ActiveRecord: 10.2ms | Allocations: 9017)


Started GET "/words/new" for ::1 at 2025-05-07 23:20:28 +0900
Processing by WordsController#new as HTML
  Rendering layout layouts/application.html.erb
  Rendering words/new.html.erb within layouts/application
  Rendered words/new.html.erb within layouts/application (Duration: 3.9ms | Allocations: 841)
  Rendered layout layouts/application.html.erb (Duration: 19.9ms | Allocations: 2867)
Completed 200 OK in 33ms (Views: 28.0ms | ActiveRecord: 0.0ms | Allocations: 3222)


Started GET "/words" for ::1 at 2025-05-07 23:20:31 +0900
Processing by WordsController#index as HTML
  Rendering layout layouts/application.html.erb
  Rendering words/index.html.erb within layouts/application
  [1m[36mWord Load (0.5ms)[0m  [1m[34mSELECT "words".* FROM "words"[0m
  ↳ app/views/words/index.html.erb:11
  Rendered words/index.html.erb within layouts/application (Duration: 6.8ms | Allocations: 706)
  Rendered layout layouts/application.html.erb (Duration: 25.0ms | Allocations: 2950)
Completed 200 OK in 33ms (Views: 29.8ms | ActiveRecord: 0.5ms | Allocations: 3213)


Started GET "/words/search" for ::1 at 2025-05-07 23:20:33 +0900
Processing by WordsController#search as HTML
  Rendering layout layouts/application.html.erb
  Rendering words/search.html.erb within layouts/application
  Rendered words/search.html.erb within layouts/application (Duration: 3.4ms | Allocations: 955)
  Rendered layout layouts/application.html.erb (Duration: 28.2ms | Allocations: 3184)
Completed 200 OK in 35ms (Views: 30.3ms | ActiveRecord: 0.0ms | Allocations: 3495)


